2017-06-09 05:02:15.106+0000 WARN [o.n.i.p.PageCache] The dbms.memory.pagecache.size setting has not been configured. It is recommended that this setting is always explicitly configured, to ensure the system has a balanced configuration. Until then, a computed heuristic value of 1506480128 bytes will be used instead. 
2017-06-09 05:02:15.333+0000 INFO [o.n.k.i.f.CommunityEditionModule] No locking implementation specified, defaulting to 'community'
2017-06-09 05:02:15.796+0000 INFO [o.n.k.AvailabilityGuard] Requirement makes database unavailable: Database available
2017-06-09 05:02:15.869+0000 INFO [o.n.k.i.DiagnosticsManager] --- INITIALIZED diagnostics START ---
2017-06-09 05:02:15.870+0000 INFO [o.n.k.i.DiagnosticsManager] Neo4j Kernel properties:
2017-06-09 05:02:15.871+0000 INFO [o.n.k.i.DiagnosticsManager] dbms.connector.http.enabled=true
2017-06-09 05:02:15.871+0000 INFO [o.n.k.i.DiagnosticsManager] dbms.security.auth_enabled=true
2017-06-09 05:02:15.872+0000 INFO [o.n.k.i.DiagnosticsManager] dbms.connector.bolt.type=BOLT
2017-06-09 05:02:15.872+0000 INFO [o.n.k.i.DiagnosticsManager] unsupported.dbms.directories.neo4j_home=/home/mariliamj/Friends-suggestions/neo4j-community-3.2.1
2017-06-09 05:02:15.872+0000 INFO [o.n.k.i.DiagnosticsManager] dbms.directories.import=import
2017-06-09 05:02:15.872+0000 INFO [o.n.k.i.DiagnosticsManager] dbms.connector.https.enabled=true
2017-06-09 05:02:15.872+0000 INFO [o.n.k.i.DiagnosticsManager] dbms.jvm.additional=-Dunsupported.dbms.udc.source=tarball
2017-06-09 05:02:15.873+0000 INFO [o.n.k.i.DiagnosticsManager] dbms.connector.http.type=HTTP
2017-06-09 05:02:15.873+0000 INFO [o.n.k.i.DiagnosticsManager] dbms.tx_log.rotation.retention_policy=1 days
2017-06-09 05:02:15.873+0000 INFO [o.n.k.i.DiagnosticsManager] dbms.windows_service_name=neo4j
2017-06-09 05:02:15.874+0000 INFO [o.n.k.i.DiagnosticsManager] dbms.connector.https.type=HTTP
2017-06-09 05:02:15.874+0000 INFO [o.n.k.i.DiagnosticsManager] unsupported.dbms.edition=community
2017-06-09 05:02:15.874+0000 INFO [o.n.k.i.DiagnosticsManager] dbms.connector.bolt.enabled=true
2017-06-09 05:02:15.874+0000 INFO [o.n.k.i.DiagnosticsManager] Diagnostics providers:
2017-06-09 05:02:15.875+0000 INFO [o.n.k.i.DiagnosticsManager] org.neo4j.kernel.configuration.Config
2017-06-09 05:02:15.875+0000 INFO [o.n.k.i.DiagnosticsManager] org.neo4j.kernel.info.DiagnosticsManager
2017-06-09 05:02:15.875+0000 INFO [o.n.k.i.DiagnosticsManager] SYSTEM_MEMORY
2017-06-09 05:02:15.875+0000 INFO [o.n.k.i.DiagnosticsManager] JAVA_MEMORY
2017-06-09 05:02:15.875+0000 INFO [o.n.k.i.DiagnosticsManager] OPERATING_SYSTEM
2017-06-09 05:02:15.876+0000 INFO [o.n.k.i.DiagnosticsManager] JAVA_VIRTUAL_MACHINE
2017-06-09 05:02:15.876+0000 INFO [o.n.k.i.DiagnosticsManager] CLASSPATH
2017-06-09 05:02:15.876+0000 INFO [o.n.k.i.DiagnosticsManager] LIBRARY_PATH
2017-06-09 05:02:15.876+0000 INFO [o.n.k.i.DiagnosticsManager] SYSTEM_PROPERTIES
2017-06-09 05:02:15.876+0000 INFO [o.n.k.i.DiagnosticsManager] LINUX_SCHEDULERS
2017-06-09 05:02:15.876+0000 INFO [o.n.k.i.DiagnosticsManager] NETWORK
2017-06-09 05:02:15.876+0000 INFO [o.n.k.i.DiagnosticsManager] System memory information:
2017-06-09 05:02:15.889+0000 INFO [o.n.k.i.DiagnosticsManager] Total Physical memory: 3,74 GB
2017-06-09 05:02:15.890+0000 INFO [o.n.k.i.DiagnosticsManager] Free Physical memory: 179,94 MB
2017-06-09 05:02:15.891+0000 INFO [o.n.k.i.DiagnosticsManager] Committed virtual memory: 3,80 GB
2017-06-09 05:02:15.892+0000 INFO [o.n.k.i.DiagnosticsManager] Total swap space: 3,88 GB
2017-06-09 05:02:15.892+0000 INFO [o.n.k.i.DiagnosticsManager] Free swap space: 3,88 GB
2017-06-09 05:02:15.892+0000 INFO [o.n.k.i.DiagnosticsManager] JVM memory information:
2017-06-09 05:02:15.893+0000 INFO [o.n.k.i.DiagnosticsManager] Free  memory: 27,38 MB
2017-06-09 05:02:15.893+0000 INFO [o.n.k.i.DiagnosticsManager] Total memory: 60,00 MB
2017-06-09 05:02:15.894+0000 INFO [o.n.k.i.DiagnosticsManager] Max   memory: 960,00 MB
2017-06-09 05:02:15.934+0000 INFO [o.n.k.i.DiagnosticsManager] Garbage Collector: G1 Young Generation: [G1 Eden Space, G1 Survivor Space]
2017-06-09 05:02:15.934+0000 INFO [o.n.k.i.DiagnosticsManager] Garbage Collector: G1 Old Generation: [G1 Eden Space, G1 Survivor Space, G1 Old Gen]
2017-06-09 05:02:15.936+0000 INFO [o.n.k.i.DiagnosticsManager] Memory Pool: Code Cache (Non-heap memory): committed=5,56 MB, used=5,55 MB, max=240,00 MB, threshold=0,00 B
2017-06-09 05:02:15.937+0000 INFO [o.n.k.i.DiagnosticsManager] Memory Pool: Metaspace (Non-heap memory): committed=14,25 MB, used=13,25 MB, max=-1,00 B, threshold=0,00 B
2017-06-09 05:02:15.938+0000 INFO [o.n.k.i.DiagnosticsManager] Memory Pool: Compressed Class Space (Non-heap memory): committed=2,00 MB, used=1,74 MB, max=1,00 GB, threshold=0,00 B
2017-06-09 05:02:15.939+0000 INFO [o.n.k.i.DiagnosticsManager] Memory Pool: G1 Eden Space (Heap memory): committed=23,00 MB, used=6,00 MB, max=-1,00 B, threshold=?
2017-06-09 05:02:15.940+0000 INFO [o.n.k.i.DiagnosticsManager] Memory Pool: G1 Survivor Space (Heap memory): committed=1,00 MB, used=1,00 MB, max=-1,00 B, threshold=?
2017-06-09 05:02:15.940+0000 INFO [o.n.k.i.DiagnosticsManager] Memory Pool: G1 Old Gen (Heap memory): committed=36,00 MB, used=25,20 MB, max=960,00 MB, threshold=0,00 B
2017-06-09 05:02:15.941+0000 INFO [o.n.k.i.DiagnosticsManager] Operating system information:
2017-06-09 05:02:15.942+0000 INFO [o.n.k.i.DiagnosticsManager] Operating System: Linux; version: 4.4.0-78-generic; arch: amd64; cpus: 4
2017-06-09 05:02:15.942+0000 INFO [o.n.k.i.DiagnosticsManager] Max number of file descriptors: 65536
2017-06-09 05:02:15.943+0000 INFO [o.n.k.i.DiagnosticsManager] Number of open file descriptors: 106
2017-06-09 05:02:15.963+0000 INFO [o.n.k.i.DiagnosticsManager] Process id: 3245@mariliamj-Z550MA
2017-06-09 05:02:15.963+0000 INFO [o.n.k.i.DiagnosticsManager] Byte order: LITTLE_ENDIAN
2017-06-09 05:02:15.963+0000 INFO [o.n.k.i.DiagnosticsManager] Local timezone: America/Sao_Paulo
2017-06-09 05:02:15.964+0000 INFO [o.n.k.i.DiagnosticsManager] JVM information:
2017-06-09 05:02:15.964+0000 INFO [o.n.k.i.DiagnosticsManager] VM Name: OpenJDK 64-Bit Server VM
2017-06-09 05:02:15.964+0000 INFO [o.n.k.i.DiagnosticsManager] VM Vendor: Oracle Corporation
2017-06-09 05:02:15.964+0000 INFO [o.n.k.i.DiagnosticsManager] VM Version: 25.131-b11
2017-06-09 05:02:15.965+0000 INFO [o.n.k.i.DiagnosticsManager] JIT compiler: HotSpot 64-Bit Tiered Compilers
2017-06-09 05:02:15.965+0000 INFO [o.n.k.i.DiagnosticsManager] VM Arguments: [-XX:+UseG1GC, -XX:-OmitStackTraceInFastThrow, -XX:+AlwaysPreTouch, -XX:+UnlockExperimentalVMOptions, -XX:+TrustFinalNonStaticFields, -XX:+DisableExplicitGC, -Djdk.tls.ephemeralDHKeySize=2048, -Dunsupported.dbms.udc.source=tarball, -Dfile.encoding=UTF-8]
2017-06-09 05:02:15.966+0000 INFO [o.n.k.i.DiagnosticsManager] Java classpath:
2017-06-09 05:02:15.970+0000 INFO [o.n.k.i.DiagnosticsManager]  [bootstrap] /usr/lib/jvm/java-8-openjdk-amd64/jre/lib/jce.jar
2017-06-09 05:02:15.970+0000 INFO [o.n.k.i.DiagnosticsManager]  [classpath + loader.0] file:/home/mariliamj/Friends-suggestions/neo4j-community-3.2.1/lib/commons-logging-1.1.1.jar
2017-06-09 05:02:15.970+0000 INFO [o.n.k.i.DiagnosticsManager]  [classpath + loader.0] file:/home/mariliamj/Friends-suggestions/neo4j-community-3.2.1/lib/lucene-analyzers-common-5.5.0.jar
2017-06-09 05:02:15.971+0000 INFO [o.n.k.i.DiagnosticsManager]  [classpath + loader.0] file:/home/mariliamj/Friends-suggestions/neo4j-community-3.2.1/lib/neo4j-primitive-collections-3.2.1.jar
2017-06-09 05:02:15.971+0000 INFO [o.n.k.i.DiagnosticsManager]  [classpath + loader.0] file:/home/mariliamj/Friends-suggestions/neo4j-community-3.2.1/lib/jetty-xml-9.2.9.v20150224.jar
2017-06-09 05:02:15.971+0000 INFO [o.n.k.i.DiagnosticsManager]  [loader.1] file:/usr/lib/jvm/java-8-openjdk-amd64/jre/lib/ext/nashorn.jar
2017-06-09 05:02:15.971+0000 INFO [o.n.k.i.DiagnosticsManager]  [classpath + loader.0] file:/home/mariliamj/Friends-suggestions/neo4j-community-3.2.1/lib/commons-digester-2.1.jar
2017-06-09 05:02:15.971+0000 INFO [o.n.k.i.DiagnosticsManager]  [classpath + loader.0] file:/home/mariliamj/Friends-suggestions/neo4j-community-3.2.1/lib/neo4j-unsafe-3.2.1.jar
2017-06-09 05:02:15.971+0000 INFO [o.n.k.i.DiagnosticsManager]  [classpath + loader.0] file:/home/mariliamj/Friends-suggestions/neo4j-community-3.2.1/lib/jackson-mapper-asl-1.9.13.jar
2017-06-09 05:02:15.971+0000 INFO [o.n.k.i.DiagnosticsManager]  [classpath + loader.0] file:/home/mariliamj/Friends-suggestions/neo4j-community-3.2.1/lib/neo4j-resource-3.2.1.jar
2017-06-09 05:02:15.971+0000 INFO [o.n.k.i.DiagnosticsManager]  [classpath + loader.0] file:/home/mariliamj/Friends-suggestions/neo4j-community-3.2.1/lib/jersey-multipart-1.19.jar
2017-06-09 05:02:15.972+0000 INFO [o.n.k.i.DiagnosticsManager]  [classpath + loader.0] file:/home/mariliamj/Friends-suggestions/neo4j-community-3.2.1/lib/neo4j-jmx-3.2.1.jar
2017-06-09 05:02:15.972+0000 INFO [o.n.k.i.DiagnosticsManager]  [classpath + loader.0] file:/home/mariliamj/Friends-suggestions/neo4j-community-3.2.1/lib/parboiled-core-1.1.7.jar
2017-06-09 05:02:15.972+0000 INFO [o.n.k.i.DiagnosticsManager]  [classpath + loader.0] file:/home/mariliamj/Friends-suggestions/neo4j-community-3.2.1/lib/neo4j-kernel-3.2.1.jar
2017-06-09 05:02:15.972+0000 INFO [o.n.k.i.DiagnosticsManager]  [classpath + loader.0] file:/home/mariliamj/Friends-suggestions/neo4j-community-3.2.1/lib/neo4j-import-tool-3.2.1.jar
2017-06-09 05:02:15.972+0000 INFO [o.n.k.i.DiagnosticsManager]  [classpath + loader.0] file:/home/mariliamj/Friends-suggestions/neo4j-community-3.2.1/lib/neo4j-index-3.2.1.jar
2017-06-09 05:02:15.972+0000 INFO [o.n.k.i.DiagnosticsManager]  [classpath + loader.0] file:/home/mariliamj/Friends-suggestions/neo4j-community-3.2.1/lib/jersey-server-1.19.jar
2017-06-09 05:02:15.972+0000 INFO [o.n.k.i.DiagnosticsManager]  [classpath + loader.0] file:/home/mariliamj/Friends-suggestions/neo4j-community-3.2.1/lib/neo4j-lucene-index-3.2.1.jar
2017-06-09 05:02:15.972+0000 INFO [o.n.k.i.DiagnosticsManager]  [classpath + loader.0] file:/home/mariliamj/Friends-suggestions/neo4j-community-3.2.1/lib/jetty-servlet-9.2.9.v20150224.jar
2017-06-09 05:02:15.972+0000 INFO [o.n.k.i.DiagnosticsManager]  [classpath + loader.0] file:/home/mariliamj/Friends-suggestions/neo4j-community-3.2.1/lib/neo4j-cypher-compiler-2.3-2.3.10.jar
2017-06-09 05:02:15.973+0000 INFO [o.n.k.i.DiagnosticsManager]  [bootstrap] /usr/lib/jvm/java-8-openjdk-amd64/jre/lib/jsse.jar
2017-06-09 05:02:15.973+0000 INFO [o.n.k.i.DiagnosticsManager]  [loader.1] file:/usr/lib/jvm/java-8-openjdk-amd64/jre/lib/ext/localedata.jar
2017-06-09 05:02:15.973+0000 INFO [o.n.k.i.DiagnosticsManager]  [classpath + loader.0] file:/home/mariliamj/Friends-suggestions/neo4j-community-3.2.1/lib/scala-library-2.11.8.jar
2017-06-09 05:02:15.973+0000 INFO [o.n.k.i.DiagnosticsManager]  [classpath + loader.0] file:/home/mariliamj/Friends-suggestions/neo4j-community-3.2.1/lib/neo4j-cypher-frontend-2.3-2.3.10.jar
2017-06-09 05:02:15.973+0000 INFO [o.n.k.i.DiagnosticsManager]  [classpath + loader.0] file:/home/mariliamj/Friends-suggestions/neo4j-community-3.2.1/lib/jetty-util-9.2.9.v20150224.jar
2017-06-09 05:02:15.973+0000 INFO [o.n.k.i.DiagnosticsManager]  [loader.1] file:/usr/lib/jvm/java-8-openjdk-amd64/jre/lib/ext/cldrdata.jar
2017-06-09 05:02:15.973+0000 INFO [o.n.k.i.DiagnosticsManager]  [bootstrap] /usr/lib/jvm/java-8-openjdk-amd64/jre/classes
2017-06-09 05:02:15.973+0000 INFO [o.n.k.i.DiagnosticsManager]  [classpath + loader.0] file:/home/mariliamj/Friends-suggestions/neo4j-community-3.2.1/lib/server-api-3.2.1.jar
2017-06-09 05:02:15.973+0000 INFO [o.n.k.i.DiagnosticsManager]  [classpath + loader.0] file:/home/mariliamj/Friends-suggestions/neo4j-community-3.2.1/lib/jetty-io-9.2.9.v20150224.jar
2017-06-09 05:02:15.974+0000 INFO [o.n.k.i.DiagnosticsManager]  [classpath + loader.0] file:/home/mariliamj/Friends-suggestions/neo4j-community-3.2.1/lib/neo4j-consistency-check-3.2.1.jar
2017-06-09 05:02:15.974+0000 INFO [o.n.k.i.DiagnosticsManager]  [classpath + loader.0] file:/home/mariliamj/Friends-suggestions/neo4j-community-3.2.1/lib/concurrentlinkedhashmap-lru-1.4.2.jar
2017-06-09 05:02:15.974+0000 INFO [o.n.k.i.DiagnosticsManager]  [classpath + loader.0] file:/home/mariliamj/Friends-suggestions/neo4j-community-3.2.1/lib/neo4j-browser-3.0.4.jar
2017-06-09 05:02:15.974+0000 INFO [o.n.k.i.DiagnosticsManager]  [classpath + loader.0] file:/home/mariliamj/Friends-suggestions/neo4j-community-3.2.1/lib/caffeine-2.3.3.jar
2017-06-09 05:02:15.974+0000 INFO [o.n.k.i.DiagnosticsManager]  [classpath + loader.0] file:/home/mariliamj/Friends-suggestions/neo4j-community-3.2.1/lib/neo4j-security-3.2.1.jar
2017-06-09 05:02:15.974+0000 INFO [o.n.k.i.DiagnosticsManager]  [classpath + loader.0] file:/home/mariliamj/Friends-suggestions/neo4j-community-3.2.1/lib/jetty-webapp-9.2.9.v20150224.jar
2017-06-09 05:02:15.974+0000 INFO [o.n.k.i.DiagnosticsManager]  [classpath + loader.0] file:/home/mariliamj/Friends-suggestions/neo4j-community-3.2.1/lib/commons-compress-1.12.jar
2017-06-09 05:02:15.974+0000 INFO [o.n.k.i.DiagnosticsManager]  [classpath + loader.0] file:/home/mariliamj/Friends-suggestions/neo4j-community-3.2.1/lib/neo4j-cypher-3.2.1.jar
2017-06-09 05:02:15.974+0000 INFO [o.n.k.i.DiagnosticsManager]  [classpath + loader.0] file:/home/mariliamj/Friends-suggestions/neo4j-community-3.2.1/lib/jsr311-api-1.1.2.r612.jar
2017-06-09 05:02:15.974+0000 INFO [o.n.k.i.DiagnosticsManager]  [classpath + loader.0] file:/home/mariliamj/Friends-suggestions/neo4j-community-3.2.1/lib/neo4j-command-line-3.2.1.jar
2017-06-09 05:02:15.975+0000 INFO [o.n.k.i.DiagnosticsManager]  [classpath + loader.0] file:/home/mariliamj/Friends-suggestions/neo4j-community-3.2.1/lib/bcprov-jdk15on-1.53.jar
2017-06-09 05:02:15.975+0000 INFO [o.n.k.i.DiagnosticsManager]  [classpath + loader.0] file:/home/mariliamj/Friends-suggestions/neo4j-community-3.2.1/lib/neo4j-graph-matching-3.1.3.jar
2017-06-09 05:02:15.975+0000 INFO [o.n.k.i.DiagnosticsManager]  [classpath + loader.0] file:/home/mariliamj/Friends-suggestions/neo4j-community-3.2.1/plugins/*
2017-06-09 05:02:15.975+0000 INFO [o.n.k.i.DiagnosticsManager]  [classpath + loader.0] file:/home/mariliamj/Friends-suggestions/neo4j-community-3.2.1/lib/lucene-codecs-5.5.0.jar
2017-06-09 05:02:15.975+0000 INFO [o.n.k.i.DiagnosticsManager]  [classpath + loader.0] file:/home/mariliamj/Friends-suggestions/neo4j-community-3.2.1/lib/jackson-jaxrs-1.9.13.jar
2017-06-09 05:02:15.975+0000 INFO [o.n.k.i.DiagnosticsManager]  [classpath + loader.0] file:/home/mariliamj/Friends-suggestions/neo4j-community-3.2.1/lib/neo4j-collections-3.2.1.jar
2017-06-09 05:02:15.975+0000 INFO [o.n.k.i.DiagnosticsManager]  [classpath + loader.0] file:/home/mariliamj/Friends-suggestions/neo4j-community-3.2.1/lib/neo4j-cypher-ir-3.2-3.2.1.jar
2017-06-09 05:02:15.975+0000 INFO [o.n.k.i.DiagnosticsManager]  [classpath + loader.0] file:/home/mariliamj/Friends-suggestions/neo4j-community-3.2.1/lib/jersey-core-1.19.jar
2017-06-09 05:02:15.975+0000 INFO [o.n.k.i.DiagnosticsManager]  [classpath + loader.0] file:/home/mariliamj/Friends-suggestions/neo4j-community-3.2.1/lib/commons-io-2.4.jar
2017-06-09 05:02:15.975+0000 INFO [o.n.k.i.DiagnosticsManager]  [classpath + loader.0] file:/home/mariliamj/Friends-suggestions/neo4j-community-3.2.1/lib/neo4j-shell-3.2.1.jar
2017-06-09 05:02:15.975+0000 INFO [o.n.k.i.DiagnosticsManager]  [classpath + loader.0] file:/home/mariliamj/Friends-suggestions/neo4j-community-3.2.1/lib/jackson-core-asl-1.9.13.jar
2017-06-09 05:02:15.976+0000 INFO [o.n.k.i.DiagnosticsManager]  [classpath + loader.0] file:/home/mariliamj/Friends-suggestions/neo4j-community-3.2.1/lib/rhino-1.7R4.jar
2017-06-09 05:02:15.976+0000 INFO [o.n.k.i.DiagnosticsManager]  [classpath + loader.0] file:/home/mariliamj/Friends-suggestions/neo4j-community-3.2.1/lib/jetty-server-9.2.9.v20150224.jar
2017-06-09 05:02:15.976+0000 INFO [o.n.k.i.DiagnosticsManager]  [classpath + loader.0] file:/home/mariliamj/Friends-suggestions/neo4j-community-3.2.1/lib/neo4j-lucene-upgrade-3.2.1.jar
2017-06-09 05:02:15.976+0000 INFO [o.n.k.i.DiagnosticsManager]  [classpath + loader.0] file:/home/mariliamj/Friends-suggestions/neo4j-community-3.2.1/lib/neo4j-configuration-3.2.1.jar
2017-06-09 05:02:15.976+0000 INFO [o.n.k.i.DiagnosticsManager]  [classpath + loader.0] file:/home/mariliamj/Friends-suggestions/neo4j-community-3.2.1/lib/jersey-servlet-1.19.jar
2017-06-09 05:02:15.976+0000 INFO [o.n.k.i.DiagnosticsManager]  [classpath + loader.0] file:/home/mariliamj/Friends-suggestions/neo4j-community-3.2.1/lib/neo4j-graphdb-api-3.2.1.jar
2017-06-09 05:02:15.976+0000 INFO [o.n.k.i.DiagnosticsManager]  [classpath + loader.0] file:/home/mariliamj/Friends-suggestions/neo4j-community-3.2.1/lib/neo4j-io-3.2.1.jar
2017-06-09 05:02:15.976+0000 INFO [o.n.k.i.DiagnosticsManager]  [classpath + loader.0] file:/home/mariliamj/Friends-suggestions/neo4j-community-3.2.1/lib/neo4j-logging-3.2.1.jar
2017-06-09 05:02:15.976+0000 INFO [o.n.k.i.DiagnosticsManager]  [loader.1] file:/usr/lib/jvm/java-8-openjdk-amd64/jre/lib/ext/icedtea-sound.jar
2017-06-09 05:02:15.977+0000 INFO [o.n.k.i.DiagnosticsManager]  [classpath + loader.0] file:/home/mariliamj/Friends-suggestions/neo4j-community-3.2.1/lib/neo4j-cypher-compiler-3.1-3.1.4.jar
2017-06-09 05:02:15.977+0000 INFO [o.n.k.i.DiagnosticsManager]  [loader.1] file:/usr/lib/jvm/java-8-openjdk-amd64/jre/lib/ext/sunjce_provider.jar
2017-06-09 05:02:15.977+0000 INFO [o.n.k.i.DiagnosticsManager]  [bootstrap] /usr/lib/jvm/java-8-openjdk-amd64/jre/lib/sunrsasign.jar
2017-06-09 05:02:15.977+0000 INFO [o.n.k.i.DiagnosticsManager]  [classpath + loader.0] file:/home/mariliamj/Friends-suggestions/neo4j-community-3.2.1/lib/neo4j-server-3.2.1.jar
2017-06-09 05:02:15.977+0000 INFO [o.n.k.i.DiagnosticsManager]  [classpath + loader.0] file:/home/mariliamj/Friends-suggestions/neo4j-community-3.2.1/lib/mimepull-1.9.3.jar
2017-06-09 05:02:15.977+0000 INFO [o.n.k.i.DiagnosticsManager]  [classpath + loader.0] file:/home/mariliamj/Friends-suggestions/neo4j-community-3.2.1/lib/neo4j-csv-3.2.1.jar
2017-06-09 05:02:15.977+0000 INFO [o.n.k.i.DiagnosticsManager]  [classpath + loader.0] file:/home/mariliamj/Friends-suggestions/neo4j-community-3.2.1/lib/neo4j-cypher-frontend-3.1-3.1.4.jar
2017-06-09 05:02:15.977+0000 INFO [o.n.k.i.DiagnosticsManager]  [classpath + loader.0] file:/home/mariliamj/Friends-suggestions/neo4j-community-3.2.1/lib/parboiled-scala_2.11-1.1.7.jar
2017-06-09 05:02:15.977+0000 INFO [o.n.k.i.DiagnosticsManager]  [classpath + loader.0] file:/home/mariliamj/Friends-suggestions/neo4j-community-3.2.1/lib/neo4j-dbms-3.2.1.jar
2017-06-09 05:02:15.978+0000 INFO [o.n.k.i.DiagnosticsManager]  [classpath + loader.0] file:/home/mariliamj/Friends-suggestions/neo4j-community-3.2.1/conf/
2017-06-09 05:02:15.978+0000 INFO [o.n.k.i.DiagnosticsManager]  [classpath + loader.0] file:/home/mariliamj/Friends-suggestions/neo4j-community-3.2.1/lib/opencsv-2.3.jar
2017-06-09 05:02:15.978+0000 INFO [o.n.k.i.DiagnosticsManager]  [classpath + loader.0] file:/home/mariliamj/Friends-suggestions/neo4j-community-3.2.1/lib/commons-lang3-3.3.2.jar
2017-06-09 05:02:15.978+0000 INFO [o.n.k.i.DiagnosticsManager]  [classpath + loader.0] file:/home/mariliamj/Friends-suggestions/neo4j-community-3.2.1/lib/lucene-core-5.5.0.jar
2017-06-09 05:02:15.978+0000 INFO [o.n.k.i.DiagnosticsManager]  [classpath + loader.0] file:/home/mariliamj/Friends-suggestions/neo4j-community-3.2.1/lib/jetty-http-9.2.9.v20150224.jar
2017-06-09 05:02:15.978+0000 INFO [o.n.k.i.DiagnosticsManager]  [classpath + loader.0] file:/home/mariliamj/Friends-suggestions/neo4j-community-3.2.1/lib/javax.servlet-api-3.1.0.jar
2017-06-09 05:02:15.978+0000 INFO [o.n.k.i.DiagnosticsManager]  [classpath + loader.0] file:/home/mariliamj/Friends-suggestions/neo4j-community-3.2.1/lib/neo4j-graph-algo-3.2.1.jar
2017-06-09 05:02:15.978+0000 INFO [o.n.k.i.DiagnosticsManager]  [loader.1] file:/usr/lib/jvm/java-8-openjdk-amd64/jre/lib/ext/jaccess.jar
2017-06-09 05:02:15.978+0000 INFO [o.n.k.i.DiagnosticsManager]  [classpath + loader.0] file:/home/mariliamj/Friends-suggestions/neo4j-community-3.2.1/lib/bcpkix-jdk15on-1.53.jar
2017-06-09 05:02:15.978+0000 INFO [o.n.k.i.DiagnosticsManager]  [loader.1] file:/usr/lib/jvm/java-8-openjdk-amd64/jre/lib/ext/sunpkcs11.jar
2017-06-09 05:02:15.978+0000 INFO [o.n.k.i.DiagnosticsManager]  [loader.1] file:/usr/lib/jvm/java-8-openjdk-amd64/jre/lib/ext/sunec.jar
2017-06-09 05:02:15.978+0000 INFO [o.n.k.i.DiagnosticsManager]  [bootstrap] /usr/lib/jvm/java-8-openjdk-amd64/jre/lib/jfr.jar
2017-06-09 05:02:15.979+0000 INFO [o.n.k.i.DiagnosticsManager]  [classpath + loader.0] file:/home/mariliamj/Friends-suggestions/neo4j-community-3.2.1/lib/neo4j-cypher-compiler-3.2-3.2.1.jar
2017-06-09 05:02:15.979+0000 INFO [o.n.k.i.DiagnosticsManager]  [classpath + loader.0] file:/home/mariliamj/Friends-suggestions/neo4j-community-3.2.1/lib/scala-reflect-2.11.8.jar
2017-06-09 05:02:15.979+0000 INFO [o.n.k.i.DiagnosticsManager]  [classpath + loader.0] file:/home/mariliamj/Friends-suggestions/neo4j-community-3.2.1/lib/neo4j-common-3.2.1.jar
2017-06-09 05:02:15.979+0000 INFO [o.n.k.i.DiagnosticsManager]  [classpath + loader.0] file:/home/mariliamj/Friends-suggestions/neo4j-community-3.2.1/lib/asm-5.2.jar
2017-06-09 05:02:15.979+0000 INFO [o.n.k.i.DiagnosticsManager]  [classpath + loader.0] file:/home/mariliamj/Friends-suggestions/neo4j-community-3.2.1/lib/neo4j-bolt-3.2.1.jar
2017-06-09 05:02:15.979+0000 INFO [o.n.k.i.DiagnosticsManager]  [loader.1] file:/usr/lib/jvm/java-8-openjdk-amd64/jre/lib/ext/zipfs.jar
2017-06-09 05:02:15.979+0000 INFO [o.n.k.i.DiagnosticsManager]  [bootstrap] /usr/lib/jvm/java-8-openjdk-amd64/jre/lib/resources.jar
2017-06-09 05:02:15.980+0000 INFO [o.n.k.i.DiagnosticsManager]  [classpath + loader.0] file:/home/mariliamj/Friends-suggestions/neo4j-community-3.2.1/lib/netty-all-4.1.8.Final.jar
2017-06-09 05:02:15.980+0000 INFO [o.n.k.i.DiagnosticsManager]  [classpath + loader.0] file:/home/mariliamj/Friends-suggestions/neo4j-community-3.2.1/lib/neo4j-codegen-3.2.1.jar
2017-06-09 05:02:15.980+0000 INFO [o.n.k.i.DiagnosticsManager]  [classpath + loader.0] file:/home/mariliamj/Friends-suggestions/neo4j-community-3.2.1/lib/neo4j-udc-3.2.1.jar
2017-06-09 05:02:15.980+0000 INFO [o.n.k.i.DiagnosticsManager]  [classpath + loader.0] file:/home/mariliamj/Friends-suggestions/neo4j-community-3.2.1/plugins/
2017-06-09 05:02:15.980+0000 INFO [o.n.k.i.DiagnosticsManager]  [classpath + loader.0] file:/home/mariliamj/Friends-suggestions/neo4j-community-3.2.1/lib/commons-lang-2.6.jar
2017-06-09 05:02:15.980+0000 INFO [o.n.k.i.DiagnosticsManager]  [classpath + loader.0] file:/home/mariliamj/Friends-suggestions/neo4j-community-3.2.1/lib/lucene-queryparser-5.5.0.jar
2017-06-09 05:02:15.980+0000 INFO [o.n.k.i.DiagnosticsManager]  [classpath + loader.0] file:/home/mariliamj/Friends-suggestions/neo4j-community-3.2.1/lib/jline-2.12.jar
2017-06-09 05:02:15.980+0000 INFO [o.n.k.i.DiagnosticsManager]  [classpath + loader.0] file:/home/mariliamj/Friends-suggestions/neo4j-community-3.2.1/lib/jetty-security-9.2.9.v20150224.jar
2017-06-09 05:02:15.980+0000 INFO [o.n.k.i.DiagnosticsManager]  [classpath + loader.0] file:/home/mariliamj/Friends-suggestions/neo4j-community-3.2.1/lib/commons-beanutils-1.8.3.jar
2017-06-09 05:02:15.980+0000 INFO [o.n.k.i.DiagnosticsManager]  [classpath + loader.0] file:/home/mariliamj/Friends-suggestions/neo4j-community-3.2.1/lib/commons-configuration-1.10.jar
2017-06-09 05:02:15.980+0000 INFO [o.n.k.i.DiagnosticsManager]  [loader.1] file:/usr/lib/jvm/java-8-openjdk-amd64/jre/lib/ext/dnsns.jar
2017-06-09 05:02:15.980+0000 INFO [o.n.k.i.DiagnosticsManager]  [classpath + loader.0] file:/home/mariliamj/Friends-suggestions/neo4j-community-3.2.1/lib/neo4j-cypher-frontend-3.2-3.2.1.jar
2017-06-09 05:02:15.981+0000 INFO [o.n.k.i.DiagnosticsManager]  [bootstrap] /usr/lib/jvm/java-8-openjdk-amd64/jre/lib/charsets.jar
2017-06-09 05:02:15.981+0000 INFO [o.n.k.i.DiagnosticsManager]  [bootstrap] /usr/lib/jvm/java-8-openjdk-amd64/jre/lib/rt.jar
2017-06-09 05:02:15.981+0000 INFO [o.n.k.i.DiagnosticsManager] Library path:
2017-06-09 05:02:15.981+0000 INFO [o.n.k.i.DiagnosticsManager] /usr/java/packages/lib/amd64
2017-06-09 05:02:15.981+0000 INFO [o.n.k.i.DiagnosticsManager] /usr/lib/x86_64-linux-gnu/jni
2017-06-09 05:02:15.982+0000 INFO [o.n.k.i.DiagnosticsManager] /lib/x86_64-linux-gnu
2017-06-09 05:02:15.982+0000 INFO [o.n.k.i.DiagnosticsManager] /usr/lib/x86_64-linux-gnu
2017-06-09 05:02:15.982+0000 INFO [o.n.k.i.DiagnosticsManager] /usr/lib/jni
2017-06-09 05:02:15.982+0000 INFO [o.n.k.i.DiagnosticsManager] /lib
2017-06-09 05:02:15.983+0000 INFO [o.n.k.i.DiagnosticsManager] /usr/lib
2017-06-09 05:02:15.983+0000 INFO [o.n.k.i.DiagnosticsManager] System.properties:
2017-06-09 05:02:15.983+0000 INFO [o.n.k.i.DiagnosticsManager] sun.boot.library.path = /usr/lib/jvm/java-8-openjdk-amd64/jre/lib/amd64
2017-06-09 05:02:15.984+0000 INFO [o.n.k.i.DiagnosticsManager] path.separator = :
2017-06-09 05:02:15.984+0000 INFO [o.n.k.i.DiagnosticsManager] file.encoding.pkg = sun.io
2017-06-09 05:02:15.984+0000 INFO [o.n.k.i.DiagnosticsManager] user.country = BR
2017-06-09 05:02:15.984+0000 INFO [o.n.k.i.DiagnosticsManager] sun.java.launcher = SUN_STANDARD
2017-06-09 05:02:15.984+0000 INFO [o.n.k.i.DiagnosticsManager] sun.os.patch.level = unknown
2017-06-09 05:02:15.984+0000 INFO [o.n.k.i.DiagnosticsManager] user.dir = /home/mariliamj/Friends-suggestions/neo4j-community-3.2.1
2017-06-09 05:02:15.984+0000 INFO [o.n.k.i.DiagnosticsManager] sun.jnu.encoding = UTF-8
2017-06-09 05:02:15.985+0000 INFO [o.n.k.i.DiagnosticsManager] unsupported.dbms.udc.source = tarball
2017-06-09 05:02:15.985+0000 INFO [o.n.k.i.DiagnosticsManager] sun.management.compiler = HotSpot 64-Bit Tiered Compilers
2017-06-09 05:02:15.985+0000 INFO [o.n.k.i.DiagnosticsManager] user.home = /home/mariliamj
2017-06-09 05:02:15.985+0000 INFO [o.n.k.i.DiagnosticsManager] user.timezone = America/Sao_Paulo
2017-06-09 05:02:15.985+0000 INFO [o.n.k.i.DiagnosticsManager] file.encoding = UTF-8
2017-06-09 05:02:15.985+0000 INFO [o.n.k.i.DiagnosticsManager] user.name = mariliamj
2017-06-09 05:02:15.985+0000 INFO [o.n.k.i.DiagnosticsManager] sun.java.command = org.neo4j.server.CommunityEntryPoint --home-dir=/home/mariliamj/Friends-suggestions/neo4j-community-3.2.1 --config-dir=/home/mariliamj/Friends-suggestions/neo4j-community-3.2.1/conf
2017-06-09 05:02:15.986+0000 INFO [o.n.k.i.DiagnosticsManager] sun.arch.data.model = 64
2017-06-09 05:02:15.986+0000 INFO [o.n.k.i.DiagnosticsManager] user.language = pt
2017-06-09 05:02:15.986+0000 INFO [o.n.k.i.DiagnosticsManager] awt.toolkit = sun.awt.X11.XToolkit
2017-06-09 05:02:15.986+0000 INFO [o.n.k.i.DiagnosticsManager] jdk.tls.ephemeralDHKeySize = 2048
2017-06-09 05:02:15.986+0000 INFO [o.n.k.i.DiagnosticsManager] file.separator = /
2017-06-09 05:02:15.986+0000 INFO [o.n.k.i.DiagnosticsManager] sun.io.unicode.encoding = UnicodeLittle
2017-06-09 05:02:15.986+0000 INFO [o.n.k.i.DiagnosticsManager] sun.cpu.endian = little
2017-06-09 05:02:15.986+0000 INFO [o.n.k.i.DiagnosticsManager] sun.desktop = gnome
2017-06-09 05:02:15.987+0000 INFO [o.n.k.i.DiagnosticsManager] sun.cpu.isalist = 
2017-06-09 05:02:15.987+0000 INFO [o.n.k.i.DiagnosticsManager] Linux scheduler information:
2017-06-09 05:02:16.022+0000 INFO [o.n.k.i.DiagnosticsManager] noop [deadline] cfq 
2017-06-09 05:02:16.023+0000 INFO [o.n.k.i.DiagnosticsManager] noop [deadline] cfq 
2017-06-09 05:02:16.024+0000 INFO [o.n.k.i.DiagnosticsManager] none
2017-06-09 05:02:16.024+0000 INFO [o.n.k.i.DiagnosticsManager] none
2017-06-09 05:02:16.025+0000 INFO [o.n.k.i.DiagnosticsManager] none
2017-06-09 05:02:16.025+0000 INFO [o.n.k.i.DiagnosticsManager] none
2017-06-09 05:02:16.026+0000 INFO [o.n.k.i.DiagnosticsManager] none
2017-06-09 05:02:16.027+0000 INFO [o.n.k.i.DiagnosticsManager] none
2017-06-09 05:02:16.027+0000 INFO [o.n.k.i.DiagnosticsManager] none
2017-06-09 05:02:16.028+0000 INFO [o.n.k.i.DiagnosticsManager] none
2017-06-09 05:02:16.028+0000 INFO [o.n.k.i.DiagnosticsManager] Network information:
2017-06-09 05:02:16.041+0000 INFO [o.n.k.i.DiagnosticsManager] Interface wlan0:
2017-06-09 05:02:16.042+0000 INFO [o.n.k.i.DiagnosticsManager]     address: fe80:0:0:0:fa32:e4ff:fe8e:c5b4%wlan0
2017-06-09 05:02:16.042+0000 INFO [o.n.k.i.DiagnosticsManager]     address: 2804:14c:1a8:912b:a97a:2e41:e0ba:7c0c%wlan0
2017-06-09 05:02:16.042+0000 INFO [o.n.k.i.DiagnosticsManager]     address: 2804:14c:1a8:912b:fa32:e4ff:fe8e:c5b4%wlan0
2017-06-09 05:02:16.042+0000 INFO [o.n.k.i.DiagnosticsManager]     address: 192.168.0.10
2017-06-09 05:02:16.043+0000 INFO [o.n.k.i.DiagnosticsManager] Interface lo:
2017-06-09 05:02:16.043+0000 INFO [o.n.k.i.DiagnosticsManager]     address: 0:0:0:0:0:0:0:1%lo
2017-06-09 05:02:16.043+0000 INFO [o.n.k.i.DiagnosticsManager]     address: 127.0.0.1
2017-06-09 05:02:16.043+0000 INFO [o.n.k.i.DiagnosticsManager] --- INITIALIZED diagnostics END ---
2017-06-09 05:02:16.911+0000 INFO [o.n.b.v.r.WorkerFactory] Bolt Server extension loaded.
2017-06-09 05:02:16.913+0000 INFO [o.n.b.v.r.WorkerFactory] Bolt enabled on 127.0.0.1:7687.
2017-06-09 05:02:17.268+0000 INFO [o.n.k.i.s.f.RecordFormatSelector] Selected format 'RecordFormat:StandardV3_2[v0.A.8]' for the new store
2017-06-09 05:02:19.161+0000 INFO [o.n.k.i.a.i.IndexingService] IndexingService.init: indexes not specifically mentioned above are null
2017-06-09 05:02:19.163+0000 INFO [o.n.k.i.i.l.NativeLabelScanStore] No scan store found, this might just be first use. Preparing to rebuild.
2017-06-09 05:02:19.299+0000 INFO [o.n.k.NeoStoreDataSource] Opened logical log [/home/mariliamj/Friends-suggestions/neo4j-community-3.2.1/data/databases/graph.db/neostore.transaction.db.0] version=0, lastTxId=1 (clean)
2017-06-09 05:02:19.328+0000 INFO [o.n.k.NeoStoreDataSource] No commits found after last check point (which is at <no log position given>)
2017-06-09 05:02:19.341+0000 WARN [o.n.k.i.s.MetaDataStore] Missing counts store, rebuilding it.
2017-06-09 05:02:19.507+0000 WARN [o.n.k.i.s.MetaDataStore] Counts store rebuild completed.
2017-06-09 05:02:19.541+0000 INFO [o.n.k.i.a.i.IndexingService] IndexingService.start: indexes not specifically mentioned above are null
2017-06-09 05:02:19.548+0000 INFO [o.n.k.i.i.l.NativeLabelScanStore] Rebuilding scan store, this may take a while
2017-06-09 05:02:19.595+0000 INFO [o.n.k.i.i.l.NativeLabelScanStore] Scan store rebuilt (roughly 0 nodes)
2017-06-09 05:02:19.621+0000 INFO [o.n.k.i.DatabaseHealth] Database health set to OK
2017-06-09 05:02:21.035+0000 INFO [o.n.k.AvailabilityGuard] Fulfilling of requirement makes database available: Database available
2017-06-09 05:02:21.039+0000 INFO [o.n.k.i.f.GraphDatabaseFacadeFactory] Database is now ready
2017-06-09 05:02:21.045+0000 INFO [o.n.k.i.DiagnosticsManager] --- STARTED diagnostics for KernelDiagnostics:Versions START ---
2017-06-09 05:02:21.045+0000 INFO [o.n.k.i.DiagnosticsManager] Graph Database: community single StoreId{creationTime=1496984538725, randomId=-1544391339010838112, storeVersion=15813456178476550, upgradeTime=1496984538725, upgradeId=1}
2017-06-09 05:02:21.046+0000 INFO [o.n.k.i.DiagnosticsManager] Kernel version: 3.2.1,6bfaef081803fd1f82534da6a49efdec251eabe5
2017-06-09 05:02:21.046+0000 INFO [o.n.k.i.DiagnosticsManager] --- STARTED diagnostics for KernelDiagnostics:Versions END ---
2017-06-09 05:02:21.051+0000 INFO [o.n.k.i.DiagnosticsManager] --- STARTED diagnostics for NEO_STORE_VERSIONS START ---
2017-06-09 05:02:21.052+0000 INFO [o.n.k.i.DiagnosticsManager] Store versions:
2017-06-09 05:02:21.052+0000 INFO [o.n.k.i.DiagnosticsManager] Store versions:
2017-06-09 05:02:21.052+0000 INFO [o.n.k.i.DiagnosticsManager]   ArrayPropertyStore v0.A.8
2017-06-09 05:02:21.052+0000 INFO [o.n.k.i.DiagnosticsManager]   NodeStore v0.A.8
2017-06-09 05:02:21.053+0000 INFO [o.n.k.i.DiagnosticsManager]   StringPropertyStore v0.A.8
2017-06-09 05:02:21.053+0000 INFO [o.n.k.i.DiagnosticsManager]   PropertyIndexStore v0.A.8
2017-06-09 05:02:21.053+0000 INFO [o.n.k.i.DiagnosticsManager]   StringPropertyStore v0.A.8
2017-06-09 05:02:21.053+0000 INFO [o.n.k.i.DiagnosticsManager]   ArrayPropertyStore v0.A.8
2017-06-09 05:02:21.053+0000 INFO [o.n.k.i.DiagnosticsManager]   PropertyStore v0.A.8
2017-06-09 05:02:21.054+0000 INFO [o.n.k.i.DiagnosticsManager]   RelationshipStore v0.A.8
2017-06-09 05:02:21.054+0000 INFO [o.n.k.i.DiagnosticsManager]   StringPropertyStore v0.A.8
2017-06-09 05:02:21.054+0000 INFO [o.n.k.i.DiagnosticsManager]   RelationshipTypeStore v0.A.8
2017-06-09 05:02:21.054+0000 INFO [o.n.k.i.DiagnosticsManager]   StringPropertyStore v0.A.8
2017-06-09 05:02:21.055+0000 INFO [o.n.k.i.DiagnosticsManager]   LabelTokenStore v0.A.8
2017-06-09 05:02:21.055+0000 INFO [o.n.k.i.DiagnosticsManager]   SchemaStore v0.A.8
2017-06-09 05:02:21.055+0000 INFO [o.n.k.i.DiagnosticsManager]   RelationshipGroupStore v0.A.8
2017-06-09 05:02:21.056+0000 INFO [o.n.k.i.DiagnosticsManager]   NeoStore v0.A.8
2017-06-09 05:02:21.056+0000 INFO [o.n.k.i.DiagnosticsManager] --- STARTED diagnostics for NEO_STORE_VERSIONS END ---
2017-06-09 05:02:21.056+0000 INFO [o.n.k.i.DiagnosticsManager] --- STARTED diagnostics for NEO_STORE_ID_USAGE START ---
2017-06-09 05:02:21.057+0000 INFO [o.n.k.i.DiagnosticsManager] Id usage:
2017-06-09 05:02:21.057+0000 INFO [o.n.k.i.DiagnosticsManager] Id usage:
2017-06-09 05:02:21.057+0000 INFO [o.n.k.i.DiagnosticsManager]   ArrayPropertyStore: used=1 high=0
2017-06-09 05:02:21.058+0000 INFO [o.n.k.i.DiagnosticsManager]   NodeStore: used=0 high=-1
2017-06-09 05:02:21.058+0000 INFO [o.n.k.i.DiagnosticsManager]   StringPropertyStore: used=1 high=0
2017-06-09 05:02:21.059+0000 INFO [o.n.k.i.DiagnosticsManager]   PropertyIndexStore: used=0 high=-1
2017-06-09 05:02:21.059+0000 INFO [o.n.k.i.DiagnosticsManager]   StringPropertyStore: used=1 high=0
2017-06-09 05:02:21.060+0000 INFO [o.n.k.i.DiagnosticsManager]   ArrayPropertyStore: used=1 high=0
2017-06-09 05:02:21.060+0000 INFO [o.n.k.i.DiagnosticsManager]   PropertyStore: used=0 high=-1
2017-06-09 05:02:21.061+0000 INFO [o.n.k.i.DiagnosticsManager]   RelationshipStore: used=0 high=-1
2017-06-09 05:02:21.061+0000 INFO [o.n.k.i.DiagnosticsManager]   StringPropertyStore: used=1 high=0
2017-06-09 05:02:21.062+0000 INFO [o.n.k.i.DiagnosticsManager]   RelationshipTypeStore: used=0 high=-1
2017-06-09 05:02:21.062+0000 INFO [o.n.k.i.DiagnosticsManager]   StringPropertyStore: used=1 high=0
2017-06-09 05:02:21.063+0000 INFO [o.n.k.i.DiagnosticsManager]   LabelTokenStore: used=0 high=-1
2017-06-09 05:02:21.063+0000 INFO [o.n.k.i.DiagnosticsManager]   SchemaStore: used=1 high=0
2017-06-09 05:02:21.064+0000 INFO [o.n.k.i.DiagnosticsManager]   RelationshipGroupStore: used=1 high=0
2017-06-09 05:02:21.064+0000 INFO [o.n.k.i.DiagnosticsManager]   NeoStore: used=15 high=14
2017-06-09 05:02:21.065+0000 INFO [o.n.k.i.DiagnosticsManager] --- STARTED diagnostics for NEO_STORE_ID_USAGE END ---
2017-06-09 05:02:21.065+0000 INFO [o.n.k.i.DiagnosticsManager] --- STARTED diagnostics for NEO_STORE_RECORDS START ---
2017-06-09 05:02:21.065+0000 INFO [o.n.k.i.DiagnosticsManager] Neostore records:
2017-06-09 05:02:21.067+0000 INFO [o.n.k.i.DiagnosticsManager] TIME (Creation time): 1496984538725
2017-06-09 05:02:21.067+0000 INFO [o.n.k.i.DiagnosticsManager] RANDOM_NUMBER (Random number for store id): -1544391339010838112
2017-06-09 05:02:21.067+0000 INFO [o.n.k.i.DiagnosticsManager] LOG_VERSION (Current log version): 0
2017-06-09 05:02:21.068+0000 INFO [o.n.k.i.DiagnosticsManager] LAST_TRANSACTION_ID (Last committed transaction): 1
2017-06-09 05:02:21.068+0000 INFO [o.n.k.i.DiagnosticsManager] STORE_VERSION (Store format version): 15813456178476550
2017-06-09 05:02:21.068+0000 INFO [o.n.k.i.DiagnosticsManager] FIRST_GRAPH_PROPERTY (First property record containing graph properties): -1
2017-06-09 05:02:21.068+0000 INFO [o.n.k.i.DiagnosticsManager] LAST_CONSTRAINT_TRANSACTION (Last committed transaction containing constraint changes): 0
2017-06-09 05:02:21.069+0000 INFO [o.n.k.i.DiagnosticsManager] UPGRADE_TRANSACTION_ID (Transaction id most recent upgrade was performed at): 1
2017-06-09 05:02:21.069+0000 INFO [o.n.k.i.DiagnosticsManager] UPGRADE_TIME (Time of last upgrade): 1496984538725
2017-06-09 05:02:21.069+0000 INFO [o.n.k.i.DiagnosticsManager] LAST_TRANSACTION_CHECKSUM (Checksum of last committed transaction): 0
2017-06-09 05:02:21.070+0000 INFO [o.n.k.i.DiagnosticsManager] UPGRADE_TRANSACTION_CHECKSUM (Checksum of transaction id the most recent upgrade was performed at): 0
2017-06-09 05:02:21.070+0000 INFO [o.n.k.i.DiagnosticsManager] LAST_CLOSED_TRANSACTION_LOG_VERSION (Log version where the last transaction commit entry has been written into): 0
2017-06-09 05:02:21.070+0000 INFO [o.n.k.i.DiagnosticsManager] LAST_CLOSED_TRANSACTION_LOG_BYTE_OFFSET (Byte offset in the log file where the last transaction commit entry has been written into): 16
2017-06-09 05:02:21.070+0000 INFO [o.n.k.i.DiagnosticsManager] LAST_TRANSACTION_COMMIT_TIMESTAMP (Commit time timestamp for last committed transaction): 0
2017-06-09 05:02:21.070+0000 INFO [o.n.k.i.DiagnosticsManager] UPGRADE_TRANSACTION_COMMIT_TIMESTAMP (Commit timestamp of transaction the most recent upgrade was performed at): 0
2017-06-09 05:02:21.071+0000 INFO [o.n.k.i.DiagnosticsManager] --- STARTED diagnostics for NEO_STORE_RECORDS END ---
2017-06-09 05:02:21.073+0000 INFO [o.n.k.i.DiagnosticsManager] --- STARTED diagnostics for TRANSACTION_RANGE START ---
2017-06-09 05:02:21.073+0000 INFO [o.n.k.i.DiagnosticsManager] Transaction log:
2017-06-09 05:02:21.075+0000 INFO [o.n.k.i.DiagnosticsManager] No transactions found in any log
2017-06-09 05:02:21.075+0000 INFO [o.n.k.i.DiagnosticsManager] --- STARTED diagnostics for TRANSACTION_RANGE END ---
2017-06-09 05:02:21.077+0000 INFO [o.n.k.i.DiagnosticsManager] --- STARTED diagnostics for KernelDiagnostics:StoreFiles START ---
2017-06-09 05:02:21.078+0000 INFO [o.n.k.i.DiagnosticsManager] Disk space on partition (Total / Free / Free %): 21563830272 / 9404100608 / 43
Storage files: (filename : modification date - size)
2017-06-09 05:02:21.079+0000 INFO [o.n.k.i.DiagnosticsManager]   index:
2017-06-09 05:02:21.080+0000 INFO [o.n.k.i.DiagnosticsManager]   - Total: 2017-06-09T02:02:19-0300 - 0,00 B
2017-06-09 05:02:21.081+0000 INFO [o.n.k.i.DiagnosticsManager]   neostore: 2017-06-09T02:02:18-0300 - 8,00 kB
2017-06-09 05:02:21.082+0000 INFO [o.n.k.i.DiagnosticsManager]   neostore.counts.db.a: 2017-06-09T02:02:19-0300 - 96,00 B
2017-06-09 05:02:21.082+0000 INFO [o.n.k.i.DiagnosticsManager]   neostore.id: 2017-06-09T02:02:18-0300 - 9,00 B
2017-06-09 05:02:21.083+0000 INFO [o.n.k.i.DiagnosticsManager]   neostore.labelscanstore.db: 2017-06-09T02:02:19-0300 - 40,00 kB
2017-06-09 05:02:21.083+0000 INFO [o.n.k.i.DiagnosticsManager]   neostore.labeltokenstore.db: 2017-06-09T02:02:18-0300 - 0,00 B
2017-06-09 05:02:21.084+0000 INFO [o.n.k.i.DiagnosticsManager]   neostore.labeltokenstore.db.id: 2017-06-09T02:02:18-0300 - 9,00 B
2017-06-09 05:02:21.084+0000 INFO [o.n.k.i.DiagnosticsManager]   neostore.labeltokenstore.db.names: 2017-06-09T02:02:18-0300 - 8,00 kB
2017-06-09 05:02:21.085+0000 INFO [o.n.k.i.DiagnosticsManager]   neostore.labeltokenstore.db.names.id: 2017-06-09T02:02:18-0300 - 9,00 B
2017-06-09 05:02:21.086+0000 INFO [o.n.k.i.DiagnosticsManager]   neostore.nodestore.db: 2017-06-09T02:02:17-0300 - 0,00 B
2017-06-09 05:02:21.086+0000 INFO [o.n.k.i.DiagnosticsManager]   neostore.nodestore.db.id: 2017-06-09T02:02:17-0300 - 9,00 B
2017-06-09 05:02:21.087+0000 INFO [o.n.k.i.DiagnosticsManager]   neostore.nodestore.db.labels: 2017-06-09T02:02:17-0300 - 8,00 kB
2017-06-09 05:02:21.087+0000 INFO [o.n.k.i.DiagnosticsManager]   neostore.nodestore.db.labels.id: 2017-06-09T02:02:17-0300 - 9,00 B
2017-06-09 05:02:21.087+0000 INFO [o.n.k.i.DiagnosticsManager]   neostore.propertystore.db: 2017-06-09T02:02:17-0300 - 0,00 B
2017-06-09 05:02:21.088+0000 INFO [o.n.k.i.DiagnosticsManager]   neostore.propertystore.db.arrays: 2017-06-09T02:02:17-0300 - 8,00 kB
2017-06-09 05:02:21.088+0000 INFO [o.n.k.i.DiagnosticsManager]   neostore.propertystore.db.arrays.id: 2017-06-09T02:02:17-0300 - 9,00 B
2017-06-09 05:02:21.088+0000 INFO [o.n.k.i.DiagnosticsManager]   neostore.propertystore.db.id: 2017-06-09T02:02:18-0300 - 9,00 B
2017-06-09 05:02:21.089+0000 INFO [o.n.k.i.DiagnosticsManager]   neostore.propertystore.db.index: 2017-06-09T02:02:17-0300 - 0,00 B
2017-06-09 05:02:21.089+0000 INFO [o.n.k.i.DiagnosticsManager]   neostore.propertystore.db.index.id: 2017-06-09T02:02:17-0300 - 9,00 B
2017-06-09 05:02:21.090+0000 INFO [o.n.k.i.DiagnosticsManager]   neostore.propertystore.db.index.keys: 2017-06-09T02:02:17-0300 - 8,00 kB
2017-06-09 05:02:21.090+0000 INFO [o.n.k.i.DiagnosticsManager]   neostore.propertystore.db.index.keys.id: 2017-06-09T02:02:17-0300 - 9,00 B
2017-06-09 05:02:21.090+0000 INFO [o.n.k.i.DiagnosticsManager]   neostore.propertystore.db.strings: 2017-06-09T02:02:17-0300 - 8,00 kB
2017-06-09 05:02:21.091+0000 INFO [o.n.k.i.DiagnosticsManager]   neostore.propertystore.db.strings.id: 2017-06-09T02:02:17-0300 - 9,00 B
2017-06-09 05:02:21.091+0000 INFO [o.n.k.i.DiagnosticsManager]   neostore.relationshipgroupstore.db: 2017-06-09T02:02:18-0300 - 8,00 kB
2017-06-09 05:02:21.092+0000 INFO [o.n.k.i.DiagnosticsManager]   neostore.relationshipgroupstore.db.id: 2017-06-09T02:02:18-0300 - 9,00 B
2017-06-09 05:02:21.092+0000 INFO [o.n.k.i.DiagnosticsManager]   neostore.relationshipstore.db: 2017-06-09T02:02:18-0300 - 0,00 B
2017-06-09 05:02:21.092+0000 INFO [o.n.k.i.DiagnosticsManager]   neostore.relationshipstore.db.id: 2017-06-09T02:02:18-0300 - 9,00 B
2017-06-09 05:02:21.093+0000 INFO [o.n.k.i.DiagnosticsManager]   neostore.relationshiptypestore.db: 2017-06-09T02:02:18-0300 - 0,00 B
2017-06-09 05:02:21.093+0000 INFO [o.n.k.i.DiagnosticsManager]   neostore.relationshiptypestore.db.id: 2017-06-09T02:02:18-0300 - 9,00 B
2017-06-09 05:02:21.094+0000 INFO [o.n.k.i.DiagnosticsManager]   neostore.relationshiptypestore.db.names: 2017-06-09T02:02:18-0300 - 8,00 kB
2017-06-09 05:02:21.094+0000 INFO [o.n.k.i.DiagnosticsManager]   neostore.relationshiptypestore.db.names.id: 2017-06-09T02:02:18-0300 - 9,00 B
2017-06-09 05:02:21.095+0000 INFO [o.n.k.i.DiagnosticsManager]   neostore.schemastore.db: 2017-06-09T02:02:18-0300 - 8,00 kB
2017-06-09 05:02:21.095+0000 INFO [o.n.k.i.DiagnosticsManager]   neostore.schemastore.db.id: 2017-06-09T02:02:18-0300 - 9,00 B
2017-06-09 05:02:21.096+0000 INFO [o.n.k.i.DiagnosticsManager]   neostore.transaction.db.0: 2017-06-09T02:02:19-0300 - 16,00 B
2017-06-09 05:02:21.096+0000 INFO [o.n.k.i.DiagnosticsManager]   store_lock: 2017-06-09T02:02:17-0300 - 0,00 B
2017-06-09 05:02:21.096+0000 INFO [o.n.k.i.DiagnosticsManager] --- STARTED diagnostics for KernelDiagnostics:StoreFiles END ---
2017-06-09 05:02:25.808+0000 INFO [o.n.k.i.DiagnosticsManager] --- SERVER STARTED START ---
2017-06-09 05:02:29.181+0000 INFO [o.n.k.i.DiagnosticsManager] --- SERVER STARTED END ---
2017-06-09 05:39:15.877+0000 WARN [o.n.i.p.PageCache] The dbms.memory.pagecache.size setting has not been configured. It is recommended that this setting is always explicitly configured, to ensure the system has a balanced configuration. Until then, a computed heuristic value of 1506480128 bytes will be used instead. 
2017-06-09 05:39:16.183+0000 INFO [o.n.k.i.f.CommunityEditionModule] No locking implementation specified, defaulting to 'community'
2017-06-09 05:39:16.770+0000 INFO [o.n.k.AvailabilityGuard] Requirement makes database unavailable: Database available
2017-06-09 05:39:16.835+0000 INFO [o.n.k.i.DiagnosticsManager] --- INITIALIZED diagnostics START ---
2017-06-09 05:39:16.836+0000 INFO [o.n.k.i.DiagnosticsManager] Neo4j Kernel properties:
2017-06-09 05:39:16.837+0000 INFO [o.n.k.i.DiagnosticsManager] dbms.connector.http.enabled=true
2017-06-09 05:39:16.837+0000 INFO [o.n.k.i.DiagnosticsManager] dbms.security.auth_enabled=true
2017-06-09 05:39:16.837+0000 INFO [o.n.k.i.DiagnosticsManager] dbms.connector.bolt.type=BOLT
2017-06-09 05:39:16.837+0000 INFO [o.n.k.i.DiagnosticsManager] unsupported.dbms.directories.neo4j_home=/home/mariliamj/Friends-suggestions/neo4j-community-3.2.1
2017-06-09 05:39:16.837+0000 INFO [o.n.k.i.DiagnosticsManager] dbms.directories.import=import
2017-06-09 05:39:16.838+0000 INFO [o.n.k.i.DiagnosticsManager] dbms.connector.https.enabled=true
2017-06-09 05:39:16.838+0000 INFO [o.n.k.i.DiagnosticsManager] dbms.jvm.additional=-Dunsupported.dbms.udc.source=tarball
2017-06-09 05:39:16.838+0000 INFO [o.n.k.i.DiagnosticsManager] dbms.connector.http.type=HTTP
2017-06-09 05:39:16.838+0000 INFO [o.n.k.i.DiagnosticsManager] dbms.tx_log.rotation.retention_policy=1 days
2017-06-09 05:39:16.839+0000 INFO [o.n.k.i.DiagnosticsManager] dbms.windows_service_name=neo4j
2017-06-09 05:39:16.839+0000 INFO [o.n.k.i.DiagnosticsManager] dbms.connector.https.type=HTTP
2017-06-09 05:39:16.839+0000 INFO [o.n.k.i.DiagnosticsManager] unsupported.dbms.edition=community
2017-06-09 05:39:16.839+0000 INFO [o.n.k.i.DiagnosticsManager] dbms.connector.bolt.enabled=true
2017-06-09 05:39:16.839+0000 INFO [o.n.k.i.DiagnosticsManager] Diagnostics providers:
2017-06-09 05:39:16.840+0000 INFO [o.n.k.i.DiagnosticsManager] org.neo4j.kernel.configuration.Config
2017-06-09 05:39:16.840+0000 INFO [o.n.k.i.DiagnosticsManager] org.neo4j.kernel.info.DiagnosticsManager
2017-06-09 05:39:16.840+0000 INFO [o.n.k.i.DiagnosticsManager] SYSTEM_MEMORY
2017-06-09 05:39:16.840+0000 INFO [o.n.k.i.DiagnosticsManager] JAVA_MEMORY
2017-06-09 05:39:16.840+0000 INFO [o.n.k.i.DiagnosticsManager] OPERATING_SYSTEM
2017-06-09 05:39:16.840+0000 INFO [o.n.k.i.DiagnosticsManager] JAVA_VIRTUAL_MACHINE
2017-06-09 05:39:16.841+0000 INFO [o.n.k.i.DiagnosticsManager] CLASSPATH
2017-06-09 05:39:16.841+0000 INFO [o.n.k.i.DiagnosticsManager] LIBRARY_PATH
2017-06-09 05:39:16.841+0000 INFO [o.n.k.i.DiagnosticsManager] SYSTEM_PROPERTIES
2017-06-09 05:39:16.841+0000 INFO [o.n.k.i.DiagnosticsManager] LINUX_SCHEDULERS
2017-06-09 05:39:16.841+0000 INFO [o.n.k.i.DiagnosticsManager] NETWORK
2017-06-09 05:39:16.841+0000 INFO [o.n.k.i.DiagnosticsManager] System memory information:
2017-06-09 05:39:16.855+0000 INFO [o.n.k.i.DiagnosticsManager] Total Physical memory: 3,74 GB
2017-06-09 05:39:16.856+0000 INFO [o.n.k.i.DiagnosticsManager] Free Physical memory: 108,35 MB
2017-06-09 05:39:16.856+0000 INFO [o.n.k.i.DiagnosticsManager] Committed virtual memory: 3,80 GB
2017-06-09 05:39:16.857+0000 INFO [o.n.k.i.DiagnosticsManager] Total swap space: 3,88 GB
2017-06-09 05:39:16.857+0000 INFO [o.n.k.i.DiagnosticsManager] Free swap space: 3,88 GB
2017-06-09 05:39:16.858+0000 INFO [o.n.k.i.DiagnosticsManager] JVM memory information:
2017-06-09 05:39:16.858+0000 INFO [o.n.k.i.DiagnosticsManager] Free  memory: 24,82 MB
2017-06-09 05:39:16.858+0000 INFO [o.n.k.i.DiagnosticsManager] Total memory: 60,00 MB
2017-06-09 05:39:16.859+0000 INFO [o.n.k.i.DiagnosticsManager] Max   memory: 960,00 MB
2017-06-09 05:39:16.889+0000 INFO [o.n.k.i.DiagnosticsManager] Garbage Collector: G1 Young Generation: [G1 Eden Space, G1 Survivor Space]
2017-06-09 05:39:16.889+0000 INFO [o.n.k.i.DiagnosticsManager] Garbage Collector: G1 Old Generation: [G1 Eden Space, G1 Survivor Space, G1 Old Gen]
2017-06-09 05:39:16.891+0000 INFO [o.n.k.i.DiagnosticsManager] Memory Pool: Code Cache (Non-heap memory): committed=5,06 MB, used=5,01 MB, max=240,00 MB, threshold=0,00 B
2017-06-09 05:39:16.892+0000 INFO [o.n.k.i.DiagnosticsManager] Memory Pool: Metaspace (Non-heap memory): committed=13,38 MB, used=12,53 MB, max=-1,00 B, threshold=0,00 B
2017-06-09 05:39:16.892+0000 INFO [o.n.k.i.DiagnosticsManager] Memory Pool: Compressed Class Space (Non-heap memory): committed=1,88 MB, used=1,64 MB, max=1,00 GB, threshold=0,00 B
2017-06-09 05:39:16.893+0000 INFO [o.n.k.i.DiagnosticsManager] Memory Pool: G1 Eden Space (Heap memory): committed=26,00 MB, used=12,00 MB, max=-1,00 B, threshold=?
2017-06-09 05:39:16.893+0000 INFO [o.n.k.i.DiagnosticsManager] Memory Pool: G1 Survivor Space (Heap memory): committed=1,00 MB, used=1,00 MB, max=-1,00 B, threshold=?
2017-06-09 05:39:16.894+0000 INFO [o.n.k.i.DiagnosticsManager] Memory Pool: G1 Old Gen (Heap memory): committed=33,00 MB, used=21,70 MB, max=960,00 MB, threshold=0,00 B
2017-06-09 05:39:16.894+0000 INFO [o.n.k.i.DiagnosticsManager] Operating system information:
2017-06-09 05:39:16.895+0000 INFO [o.n.k.i.DiagnosticsManager] Operating System: Linux; version: 4.4.0-78-generic; arch: amd64; cpus: 4
2017-06-09 05:39:16.896+0000 INFO [o.n.k.i.DiagnosticsManager] Max number of file descriptors: 65536
2017-06-09 05:39:16.896+0000 INFO [o.n.k.i.DiagnosticsManager] Number of open file descriptors: 106
2017-06-09 05:39:16.907+0000 INFO [o.n.k.i.DiagnosticsManager] Process id: 3435@mariliamj-Z550MA
2017-06-09 05:39:16.907+0000 INFO [o.n.k.i.DiagnosticsManager] Byte order: LITTLE_ENDIAN
2017-06-09 05:39:16.907+0000 INFO [o.n.k.i.DiagnosticsManager] Local timezone: America/Sao_Paulo
2017-06-09 05:39:16.907+0000 INFO [o.n.k.i.DiagnosticsManager] JVM information:
2017-06-09 05:39:16.907+0000 INFO [o.n.k.i.DiagnosticsManager] VM Name: OpenJDK 64-Bit Server VM
2017-06-09 05:39:16.908+0000 INFO [o.n.k.i.DiagnosticsManager] VM Vendor: Oracle Corporation
2017-06-09 05:39:16.908+0000 INFO [o.n.k.i.DiagnosticsManager] VM Version: 25.131-b11
2017-06-09 05:39:16.909+0000 INFO [o.n.k.i.DiagnosticsManager] JIT compiler: HotSpot 64-Bit Tiered Compilers
2017-06-09 05:39:16.909+0000 INFO [o.n.k.i.DiagnosticsManager] VM Arguments: [-XX:+UseG1GC, -XX:-OmitStackTraceInFastThrow, -XX:+AlwaysPreTouch, -XX:+UnlockExperimentalVMOptions, -XX:+TrustFinalNonStaticFields, -XX:+DisableExplicitGC, -Djdk.tls.ephemeralDHKeySize=2048, -Dunsupported.dbms.udc.source=tarball, -Dfile.encoding=UTF-8]
2017-06-09 05:39:16.909+0000 INFO [o.n.k.i.DiagnosticsManager] Java classpath:
2017-06-09 05:39:16.914+0000 INFO [o.n.k.i.DiagnosticsManager]  [bootstrap] /usr/lib/jvm/java-8-openjdk-amd64/jre/lib/jce.jar
2017-06-09 05:39:16.914+0000 INFO [o.n.k.i.DiagnosticsManager]  [classpath + loader.0] file:/home/mariliamj/Friends-suggestions/neo4j-community-3.2.1/lib/commons-logging-1.1.1.jar
2017-06-09 05:39:16.915+0000 INFO [o.n.k.i.DiagnosticsManager]  [classpath + loader.0] file:/home/mariliamj/Friends-suggestions/neo4j-community-3.2.1/lib/lucene-analyzers-common-5.5.0.jar
2017-06-09 05:39:16.915+0000 INFO [o.n.k.i.DiagnosticsManager]  [classpath + loader.0] file:/home/mariliamj/Friends-suggestions/neo4j-community-3.2.1/lib/neo4j-primitive-collections-3.2.1.jar
2017-06-09 05:39:16.915+0000 INFO [o.n.k.i.DiagnosticsManager]  [classpath + loader.0] file:/home/mariliamj/Friends-suggestions/neo4j-community-3.2.1/lib/jetty-xml-9.2.9.v20150224.jar
2017-06-09 05:39:16.915+0000 INFO [o.n.k.i.DiagnosticsManager]  [loader.1] file:/usr/lib/jvm/java-8-openjdk-amd64/jre/lib/ext/nashorn.jar
2017-06-09 05:39:16.915+0000 INFO [o.n.k.i.DiagnosticsManager]  [classpath + loader.0] file:/home/mariliamj/Friends-suggestions/neo4j-community-3.2.1/lib/commons-digester-2.1.jar
2017-06-09 05:39:16.915+0000 INFO [o.n.k.i.DiagnosticsManager]  [classpath + loader.0] file:/home/mariliamj/Friends-suggestions/neo4j-community-3.2.1/lib/neo4j-unsafe-3.2.1.jar
2017-06-09 05:39:16.915+0000 INFO [o.n.k.i.DiagnosticsManager]  [classpath + loader.0] file:/home/mariliamj/Friends-suggestions/neo4j-community-3.2.1/lib/jackson-mapper-asl-1.9.13.jar
2017-06-09 05:39:16.915+0000 INFO [o.n.k.i.DiagnosticsManager]  [classpath + loader.0] file:/home/mariliamj/Friends-suggestions/neo4j-community-3.2.1/lib/neo4j-resource-3.2.1.jar
2017-06-09 05:39:16.915+0000 INFO [o.n.k.i.DiagnosticsManager]  [classpath + loader.0] file:/home/mariliamj/Friends-suggestions/neo4j-community-3.2.1/lib/jersey-multipart-1.19.jar
2017-06-09 05:39:16.916+0000 INFO [o.n.k.i.DiagnosticsManager]  [classpath + loader.0] file:/home/mariliamj/Friends-suggestions/neo4j-community-3.2.1/lib/neo4j-jmx-3.2.1.jar
2017-06-09 05:39:16.916+0000 INFO [o.n.k.i.DiagnosticsManager]  [classpath + loader.0] file:/home/mariliamj/Friends-suggestions/neo4j-community-3.2.1/lib/parboiled-core-1.1.7.jar
2017-06-09 05:39:16.916+0000 INFO [o.n.k.i.DiagnosticsManager]  [classpath + loader.0] file:/home/mariliamj/Friends-suggestions/neo4j-community-3.2.1/lib/neo4j-kernel-3.2.1.jar
2017-06-09 05:39:16.916+0000 INFO [o.n.k.i.DiagnosticsManager]  [classpath + loader.0] file:/home/mariliamj/Friends-suggestions/neo4j-community-3.2.1/lib/neo4j-import-tool-3.2.1.jar
2017-06-09 05:39:16.916+0000 INFO [o.n.k.i.DiagnosticsManager]  [classpath + loader.0] file:/home/mariliamj/Friends-suggestions/neo4j-community-3.2.1/lib/neo4j-index-3.2.1.jar
2017-06-09 05:39:16.916+0000 INFO [o.n.k.i.DiagnosticsManager]  [classpath + loader.0] file:/home/mariliamj/Friends-suggestions/neo4j-community-3.2.1/lib/jersey-server-1.19.jar
2017-06-09 05:39:16.916+0000 INFO [o.n.k.i.DiagnosticsManager]  [classpath + loader.0] file:/home/mariliamj/Friends-suggestions/neo4j-community-3.2.1/lib/neo4j-lucene-index-3.2.1.jar
2017-06-09 05:39:16.917+0000 INFO [o.n.k.i.DiagnosticsManager]  [classpath + loader.0] file:/home/mariliamj/Friends-suggestions/neo4j-community-3.2.1/lib/jetty-servlet-9.2.9.v20150224.jar
2017-06-09 05:39:16.917+0000 INFO [o.n.k.i.DiagnosticsManager]  [classpath + loader.0] file:/home/mariliamj/Friends-suggestions/neo4j-community-3.2.1/lib/neo4j-cypher-compiler-2.3-2.3.10.jar
2017-06-09 05:39:16.917+0000 INFO [o.n.k.i.DiagnosticsManager]  [bootstrap] /usr/lib/jvm/java-8-openjdk-amd64/jre/lib/jsse.jar
2017-06-09 05:39:16.917+0000 INFO [o.n.k.i.DiagnosticsManager]  [loader.1] file:/usr/lib/jvm/java-8-openjdk-amd64/jre/lib/ext/localedata.jar
2017-06-09 05:39:16.917+0000 INFO [o.n.k.i.DiagnosticsManager]  [classpath + loader.0] file:/home/mariliamj/Friends-suggestions/neo4j-community-3.2.1/lib/scala-library-2.11.8.jar
2017-06-09 05:39:16.917+0000 INFO [o.n.k.i.DiagnosticsManager]  [classpath + loader.0] file:/home/mariliamj/Friends-suggestions/neo4j-community-3.2.1/lib/neo4j-cypher-frontend-2.3-2.3.10.jar
2017-06-09 05:39:16.917+0000 INFO [o.n.k.i.DiagnosticsManager]  [classpath + loader.0] file:/home/mariliamj/Friends-suggestions/neo4j-community-3.2.1/lib/jetty-util-9.2.9.v20150224.jar
2017-06-09 05:39:16.917+0000 INFO [o.n.k.i.DiagnosticsManager]  [loader.1] file:/usr/lib/jvm/java-8-openjdk-amd64/jre/lib/ext/cldrdata.jar
2017-06-09 05:39:16.917+0000 INFO [o.n.k.i.DiagnosticsManager]  [bootstrap] /usr/lib/jvm/java-8-openjdk-amd64/jre/classes
2017-06-09 05:39:16.918+0000 INFO [o.n.k.i.DiagnosticsManager]  [classpath + loader.0] file:/home/mariliamj/Friends-suggestions/neo4j-community-3.2.1/lib/server-api-3.2.1.jar
2017-06-09 05:39:16.918+0000 INFO [o.n.k.i.DiagnosticsManager]  [classpath + loader.0] file:/home/mariliamj/Friends-suggestions/neo4j-community-3.2.1/lib/jetty-io-9.2.9.v20150224.jar
2017-06-09 05:39:16.918+0000 INFO [o.n.k.i.DiagnosticsManager]  [classpath + loader.0] file:/home/mariliamj/Friends-suggestions/neo4j-community-3.2.1/lib/neo4j-consistency-check-3.2.1.jar
2017-06-09 05:39:16.918+0000 INFO [o.n.k.i.DiagnosticsManager]  [classpath + loader.0] file:/home/mariliamj/Friends-suggestions/neo4j-community-3.2.1/lib/concurrentlinkedhashmap-lru-1.4.2.jar
2017-06-09 05:39:16.918+0000 INFO [o.n.k.i.DiagnosticsManager]  [classpath + loader.0] file:/home/mariliamj/Friends-suggestions/neo4j-community-3.2.1/lib/neo4j-browser-3.0.4.jar
2017-06-09 05:39:16.918+0000 INFO [o.n.k.i.DiagnosticsManager]  [classpath + loader.0] file:/home/mariliamj/Friends-suggestions/neo4j-community-3.2.1/lib/caffeine-2.3.3.jar
2017-06-09 05:39:16.918+0000 INFO [o.n.k.i.DiagnosticsManager]  [classpath + loader.0] file:/home/mariliamj/Friends-suggestions/neo4j-community-3.2.1/lib/neo4j-security-3.2.1.jar
2017-06-09 05:39:16.918+0000 INFO [o.n.k.i.DiagnosticsManager]  [classpath + loader.0] file:/home/mariliamj/Friends-suggestions/neo4j-community-3.2.1/lib/jetty-webapp-9.2.9.v20150224.jar
2017-06-09 05:39:16.918+0000 INFO [o.n.k.i.DiagnosticsManager]  [classpath + loader.0] file:/home/mariliamj/Friends-suggestions/neo4j-community-3.2.1/lib/commons-compress-1.12.jar
2017-06-09 05:39:16.919+0000 INFO [o.n.k.i.DiagnosticsManager]  [classpath + loader.0] file:/home/mariliamj/Friends-suggestions/neo4j-community-3.2.1/lib/neo4j-cypher-3.2.1.jar
2017-06-09 05:39:16.919+0000 INFO [o.n.k.i.DiagnosticsManager]  [classpath + loader.0] file:/home/mariliamj/Friends-suggestions/neo4j-community-3.2.1/lib/jsr311-api-1.1.2.r612.jar
2017-06-09 05:39:16.919+0000 INFO [o.n.k.i.DiagnosticsManager]  [classpath + loader.0] file:/home/mariliamj/Friends-suggestions/neo4j-community-3.2.1/lib/neo4j-command-line-3.2.1.jar
2017-06-09 05:39:16.919+0000 INFO [o.n.k.i.DiagnosticsManager]  [classpath + loader.0] file:/home/mariliamj/Friends-suggestions/neo4j-community-3.2.1/lib/bcprov-jdk15on-1.53.jar
2017-06-09 05:39:16.919+0000 INFO [o.n.k.i.DiagnosticsManager]  [classpath + loader.0] file:/home/mariliamj/Friends-suggestions/neo4j-community-3.2.1/lib/neo4j-graph-matching-3.1.3.jar
2017-06-09 05:39:16.919+0000 INFO [o.n.k.i.DiagnosticsManager]  [classpath + loader.0] file:/home/mariliamj/Friends-suggestions/neo4j-community-3.2.1/plugins/*
2017-06-09 05:39:16.919+0000 INFO [o.n.k.i.DiagnosticsManager]  [classpath + loader.0] file:/home/mariliamj/Friends-suggestions/neo4j-community-3.2.1/lib/lucene-codecs-5.5.0.jar
2017-06-09 05:39:16.919+0000 INFO [o.n.k.i.DiagnosticsManager]  [classpath + loader.0] file:/home/mariliamj/Friends-suggestions/neo4j-community-3.2.1/lib/jackson-jaxrs-1.9.13.jar
2017-06-09 05:39:16.920+0000 INFO [o.n.k.i.DiagnosticsManager]  [classpath + loader.0] file:/home/mariliamj/Friends-suggestions/neo4j-community-3.2.1/lib/neo4j-collections-3.2.1.jar
2017-06-09 05:39:16.920+0000 INFO [o.n.k.i.DiagnosticsManager]  [classpath + loader.0] file:/home/mariliamj/Friends-suggestions/neo4j-community-3.2.1/lib/neo4j-cypher-ir-3.2-3.2.1.jar
2017-06-09 05:39:16.920+0000 INFO [o.n.k.i.DiagnosticsManager]  [classpath + loader.0] file:/home/mariliamj/Friends-suggestions/neo4j-community-3.2.1/lib/jersey-core-1.19.jar
2017-06-09 05:39:16.920+0000 INFO [o.n.k.i.DiagnosticsManager]  [classpath + loader.0] file:/home/mariliamj/Friends-suggestions/neo4j-community-3.2.1/lib/commons-io-2.4.jar
2017-06-09 05:39:16.920+0000 INFO [o.n.k.i.DiagnosticsManager]  [classpath + loader.0] file:/home/mariliamj/Friends-suggestions/neo4j-community-3.2.1/lib/neo4j-shell-3.2.1.jar
2017-06-09 05:39:16.920+0000 INFO [o.n.k.i.DiagnosticsManager]  [classpath + loader.0] file:/home/mariliamj/Friends-suggestions/neo4j-community-3.2.1/lib/jackson-core-asl-1.9.13.jar
2017-06-09 05:39:16.920+0000 INFO [o.n.k.i.DiagnosticsManager]  [classpath + loader.0] file:/home/mariliamj/Friends-suggestions/neo4j-community-3.2.1/lib/rhino-1.7R4.jar
2017-06-09 05:39:16.920+0000 INFO [o.n.k.i.DiagnosticsManager]  [classpath + loader.0] file:/home/mariliamj/Friends-suggestions/neo4j-community-3.2.1/lib/jetty-server-9.2.9.v20150224.jar
2017-06-09 05:39:16.920+0000 INFO [o.n.k.i.DiagnosticsManager]  [classpath + loader.0] file:/home/mariliamj/Friends-suggestions/neo4j-community-3.2.1/lib/neo4j-lucene-upgrade-3.2.1.jar
2017-06-09 05:39:16.921+0000 INFO [o.n.k.i.DiagnosticsManager]  [classpath + loader.0] file:/home/mariliamj/Friends-suggestions/neo4j-community-3.2.1/lib/neo4j-configuration-3.2.1.jar
2017-06-09 05:39:16.921+0000 INFO [o.n.k.i.DiagnosticsManager]  [classpath + loader.0] file:/home/mariliamj/Friends-suggestions/neo4j-community-3.2.1/lib/jersey-servlet-1.19.jar
2017-06-09 05:39:16.921+0000 INFO [o.n.k.i.DiagnosticsManager]  [classpath + loader.0] file:/home/mariliamj/Friends-suggestions/neo4j-community-3.2.1/lib/neo4j-graphdb-api-3.2.1.jar
2017-06-09 05:39:16.921+0000 INFO [o.n.k.i.DiagnosticsManager]  [classpath + loader.0] file:/home/mariliamj/Friends-suggestions/neo4j-community-3.2.1/lib/neo4j-io-3.2.1.jar
2017-06-09 05:39:16.921+0000 INFO [o.n.k.i.DiagnosticsManager]  [classpath + loader.0] file:/home/mariliamj/Friends-suggestions/neo4j-community-3.2.1/lib/neo4j-logging-3.2.1.jar
2017-06-09 05:39:16.921+0000 INFO [o.n.k.i.DiagnosticsManager]  [loader.1] file:/usr/lib/jvm/java-8-openjdk-amd64/jre/lib/ext/icedtea-sound.jar
2017-06-09 05:39:16.921+0000 INFO [o.n.k.i.DiagnosticsManager]  [classpath + loader.0] file:/home/mariliamj/Friends-suggestions/neo4j-community-3.2.1/lib/neo4j-cypher-compiler-3.1-3.1.4.jar
2017-06-09 05:39:16.921+0000 INFO [o.n.k.i.DiagnosticsManager]  [loader.1] file:/usr/lib/jvm/java-8-openjdk-amd64/jre/lib/ext/sunjce_provider.jar
2017-06-09 05:39:16.921+0000 INFO [o.n.k.i.DiagnosticsManager]  [bootstrap] /usr/lib/jvm/java-8-openjdk-amd64/jre/lib/sunrsasign.jar
2017-06-09 05:39:16.922+0000 INFO [o.n.k.i.DiagnosticsManager]  [classpath + loader.0] file:/home/mariliamj/Friends-suggestions/neo4j-community-3.2.1/lib/neo4j-server-3.2.1.jar
2017-06-09 05:39:16.922+0000 INFO [o.n.k.i.DiagnosticsManager]  [classpath + loader.0] file:/home/mariliamj/Friends-suggestions/neo4j-community-3.2.1/lib/mimepull-1.9.3.jar
2017-06-09 05:39:16.922+0000 INFO [o.n.k.i.DiagnosticsManager]  [classpath + loader.0] file:/home/mariliamj/Friends-suggestions/neo4j-community-3.2.1/lib/neo4j-csv-3.2.1.jar
2017-06-09 05:39:16.922+0000 INFO [o.n.k.i.DiagnosticsManager]  [classpath + loader.0] file:/home/mariliamj/Friends-suggestions/neo4j-community-3.2.1/lib/neo4j-cypher-frontend-3.1-3.1.4.jar
2017-06-09 05:39:16.922+0000 INFO [o.n.k.i.DiagnosticsManager]  [classpath + loader.0] file:/home/mariliamj/Friends-suggestions/neo4j-community-3.2.1/lib/parboiled-scala_2.11-1.1.7.jar
2017-06-09 05:39:16.922+0000 INFO [o.n.k.i.DiagnosticsManager]  [classpath + loader.0] file:/home/mariliamj/Friends-suggestions/neo4j-community-3.2.1/lib/neo4j-dbms-3.2.1.jar
2017-06-09 05:39:16.922+0000 INFO [o.n.k.i.DiagnosticsManager]  [classpath + loader.0] file:/home/mariliamj/Friends-suggestions/neo4j-community-3.2.1/conf/
2017-06-09 05:39:16.923+0000 INFO [o.n.k.i.DiagnosticsManager]  [classpath + loader.0] file:/home/mariliamj/Friends-suggestions/neo4j-community-3.2.1/lib/opencsv-2.3.jar
2017-06-09 05:39:16.923+0000 INFO [o.n.k.i.DiagnosticsManager]  [classpath + loader.0] file:/home/mariliamj/Friends-suggestions/neo4j-community-3.2.1/lib/commons-lang3-3.3.2.jar
2017-06-09 05:39:16.923+0000 INFO [o.n.k.i.DiagnosticsManager]  [classpath + loader.0] file:/home/mariliamj/Friends-suggestions/neo4j-community-3.2.1/lib/lucene-core-5.5.0.jar
2017-06-09 05:39:16.923+0000 INFO [o.n.k.i.DiagnosticsManager]  [classpath + loader.0] file:/home/mariliamj/Friends-suggestions/neo4j-community-3.2.1/lib/jetty-http-9.2.9.v20150224.jar
2017-06-09 05:39:16.923+0000 INFO [o.n.k.i.DiagnosticsManager]  [classpath + loader.0] file:/home/mariliamj/Friends-suggestions/neo4j-community-3.2.1/lib/javax.servlet-api-3.1.0.jar
2017-06-09 05:39:16.923+0000 INFO [o.n.k.i.DiagnosticsManager]  [classpath + loader.0] file:/home/mariliamj/Friends-suggestions/neo4j-community-3.2.1/lib/neo4j-graph-algo-3.2.1.jar
2017-06-09 05:39:16.923+0000 INFO [o.n.k.i.DiagnosticsManager]  [loader.1] file:/usr/lib/jvm/java-8-openjdk-amd64/jre/lib/ext/jaccess.jar
2017-06-09 05:39:16.923+0000 INFO [o.n.k.i.DiagnosticsManager]  [classpath + loader.0] file:/home/mariliamj/Friends-suggestions/neo4j-community-3.2.1/lib/bcpkix-jdk15on-1.53.jar
2017-06-09 05:39:16.923+0000 INFO [o.n.k.i.DiagnosticsManager]  [loader.1] file:/usr/lib/jvm/java-8-openjdk-amd64/jre/lib/ext/sunpkcs11.jar
2017-06-09 05:39:16.924+0000 INFO [o.n.k.i.DiagnosticsManager]  [loader.1] file:/usr/lib/jvm/java-8-openjdk-amd64/jre/lib/ext/sunec.jar
2017-06-09 05:39:16.924+0000 INFO [o.n.k.i.DiagnosticsManager]  [bootstrap] /usr/lib/jvm/java-8-openjdk-amd64/jre/lib/jfr.jar
2017-06-09 05:39:16.924+0000 INFO [o.n.k.i.DiagnosticsManager]  [classpath + loader.0] file:/home/mariliamj/Friends-suggestions/neo4j-community-3.2.1/lib/neo4j-cypher-compiler-3.2-3.2.1.jar
2017-06-09 05:39:16.924+0000 INFO [o.n.k.i.DiagnosticsManager]  [classpath + loader.0] file:/home/mariliamj/Friends-suggestions/neo4j-community-3.2.1/lib/scala-reflect-2.11.8.jar
2017-06-09 05:39:16.924+0000 INFO [o.n.k.i.DiagnosticsManager]  [classpath + loader.0] file:/home/mariliamj/Friends-suggestions/neo4j-community-3.2.1/lib/neo4j-common-3.2.1.jar
2017-06-09 05:39:16.924+0000 INFO [o.n.k.i.DiagnosticsManager]  [classpath + loader.0] file:/home/mariliamj/Friends-suggestions/neo4j-community-3.2.1/lib/asm-5.2.jar
2017-06-09 05:39:16.924+0000 INFO [o.n.k.i.DiagnosticsManager]  [classpath + loader.0] file:/home/mariliamj/Friends-suggestions/neo4j-community-3.2.1/lib/neo4j-bolt-3.2.1.jar
2017-06-09 05:39:16.924+0000 INFO [o.n.k.i.DiagnosticsManager]  [loader.1] file:/usr/lib/jvm/java-8-openjdk-amd64/jre/lib/ext/zipfs.jar
2017-06-09 05:39:16.924+0000 INFO [o.n.k.i.DiagnosticsManager]  [bootstrap] /usr/lib/jvm/java-8-openjdk-amd64/jre/lib/resources.jar
2017-06-09 05:39:16.924+0000 INFO [o.n.k.i.DiagnosticsManager]  [classpath + loader.0] file:/home/mariliamj/Friends-suggestions/neo4j-community-3.2.1/lib/netty-all-4.1.8.Final.jar
2017-06-09 05:39:16.925+0000 INFO [o.n.k.i.DiagnosticsManager]  [classpath + loader.0] file:/home/mariliamj/Friends-suggestions/neo4j-community-3.2.1/lib/neo4j-codegen-3.2.1.jar
2017-06-09 05:39:16.925+0000 INFO [o.n.k.i.DiagnosticsManager]  [classpath + loader.0] file:/home/mariliamj/Friends-suggestions/neo4j-community-3.2.1/lib/neo4j-udc-3.2.1.jar
2017-06-09 05:39:16.925+0000 INFO [o.n.k.i.DiagnosticsManager]  [classpath + loader.0] file:/home/mariliamj/Friends-suggestions/neo4j-community-3.2.1/plugins/
2017-06-09 05:39:16.925+0000 INFO [o.n.k.i.DiagnosticsManager]  [classpath + loader.0] file:/home/mariliamj/Friends-suggestions/neo4j-community-3.2.1/lib/commons-lang-2.6.jar
2017-06-09 05:39:16.925+0000 INFO [o.n.k.i.DiagnosticsManager]  [classpath + loader.0] file:/home/mariliamj/Friends-suggestions/neo4j-community-3.2.1/lib/lucene-queryparser-5.5.0.jar
2017-06-09 05:39:16.925+0000 INFO [o.n.k.i.DiagnosticsManager]  [classpath + loader.0] file:/home/mariliamj/Friends-suggestions/neo4j-community-3.2.1/lib/jline-2.12.jar
2017-06-09 05:39:16.925+0000 INFO [o.n.k.i.DiagnosticsManager]  [classpath + loader.0] file:/home/mariliamj/Friends-suggestions/neo4j-community-3.2.1/lib/jetty-security-9.2.9.v20150224.jar
2017-06-09 05:39:16.925+0000 INFO [o.n.k.i.DiagnosticsManager]  [classpath + loader.0] file:/home/mariliamj/Friends-suggestions/neo4j-community-3.2.1/lib/commons-beanutils-1.8.3.jar
2017-06-09 05:39:16.925+0000 INFO [o.n.k.i.DiagnosticsManager]  [classpath + loader.0] file:/home/mariliamj/Friends-suggestions/neo4j-community-3.2.1/lib/commons-configuration-1.10.jar
2017-06-09 05:39:16.925+0000 INFO [o.n.k.i.DiagnosticsManager]  [loader.1] file:/usr/lib/jvm/java-8-openjdk-amd64/jre/lib/ext/dnsns.jar
2017-06-09 05:39:16.926+0000 INFO [o.n.k.i.DiagnosticsManager]  [classpath + loader.0] file:/home/mariliamj/Friends-suggestions/neo4j-community-3.2.1/lib/neo4j-cypher-frontend-3.2-3.2.1.jar
2017-06-09 05:39:16.926+0000 INFO [o.n.k.i.DiagnosticsManager]  [bootstrap] /usr/lib/jvm/java-8-openjdk-amd64/jre/lib/charsets.jar
2017-06-09 05:39:16.926+0000 INFO [o.n.k.i.DiagnosticsManager]  [bootstrap] /usr/lib/jvm/java-8-openjdk-amd64/jre/lib/rt.jar
2017-06-09 05:39:16.926+0000 INFO [o.n.k.i.DiagnosticsManager] Library path:
2017-06-09 05:39:16.926+0000 INFO [o.n.k.i.DiagnosticsManager] /usr/java/packages/lib/amd64
2017-06-09 05:39:16.950+0000 INFO [o.n.k.i.DiagnosticsManager] /usr/lib/x86_64-linux-gnu/jni
2017-06-09 05:39:16.951+0000 INFO [o.n.k.i.DiagnosticsManager] /lib/x86_64-linux-gnu
2017-06-09 05:39:16.951+0000 INFO [o.n.k.i.DiagnosticsManager] /usr/lib/x86_64-linux-gnu
2017-06-09 05:39:16.964+0000 INFO [o.n.k.i.DiagnosticsManager] /usr/lib/jni
2017-06-09 05:39:16.964+0000 INFO [o.n.k.i.DiagnosticsManager] /lib
2017-06-09 05:39:16.965+0000 INFO [o.n.k.i.DiagnosticsManager] /usr/lib
2017-06-09 05:39:16.965+0000 INFO [o.n.k.i.DiagnosticsManager] System.properties:
2017-06-09 05:39:16.966+0000 INFO [o.n.k.i.DiagnosticsManager] sun.boot.library.path = /usr/lib/jvm/java-8-openjdk-amd64/jre/lib/amd64
2017-06-09 05:39:16.966+0000 INFO [o.n.k.i.DiagnosticsManager] path.separator = :
2017-06-09 05:39:16.966+0000 INFO [o.n.k.i.DiagnosticsManager] file.encoding.pkg = sun.io
2017-06-09 05:39:16.966+0000 INFO [o.n.k.i.DiagnosticsManager] user.country = BR
2017-06-09 05:39:16.966+0000 INFO [o.n.k.i.DiagnosticsManager] sun.java.launcher = SUN_STANDARD
2017-06-09 05:39:16.966+0000 INFO [o.n.k.i.DiagnosticsManager] sun.os.patch.level = unknown
2017-06-09 05:39:16.967+0000 INFO [o.n.k.i.DiagnosticsManager] user.dir = /home/mariliamj/Friends-suggestions/neo4j-community-3.2.1
2017-06-09 05:39:16.967+0000 INFO [o.n.k.i.DiagnosticsManager] sun.jnu.encoding = UTF-8
2017-06-09 05:39:16.967+0000 INFO [o.n.k.i.DiagnosticsManager] unsupported.dbms.udc.source = tarball
2017-06-09 05:39:16.967+0000 INFO [o.n.k.i.DiagnosticsManager] sun.management.compiler = HotSpot 64-Bit Tiered Compilers
2017-06-09 05:39:16.967+0000 INFO [o.n.k.i.DiagnosticsManager] user.home = /home/mariliamj
2017-06-09 05:39:16.967+0000 INFO [o.n.k.i.DiagnosticsManager] user.timezone = America/Sao_Paulo
2017-06-09 05:39:16.967+0000 INFO [o.n.k.i.DiagnosticsManager] file.encoding = UTF-8
2017-06-09 05:39:16.967+0000 INFO [o.n.k.i.DiagnosticsManager] user.name = mariliamj
2017-06-09 05:39:16.967+0000 INFO [o.n.k.i.DiagnosticsManager] sun.java.command = org.neo4j.server.CommunityEntryPoint --home-dir=/home/mariliamj/Friends-suggestions/neo4j-community-3.2.1 --config-dir=/home/mariliamj/Friends-suggestions/neo4j-community-3.2.1/conf
2017-06-09 05:39:16.968+0000 INFO [o.n.k.i.DiagnosticsManager] sun.arch.data.model = 64
2017-06-09 05:39:16.968+0000 INFO [o.n.k.i.DiagnosticsManager] user.language = pt
2017-06-09 05:39:16.968+0000 INFO [o.n.k.i.DiagnosticsManager] awt.toolkit = sun.awt.X11.XToolkit
2017-06-09 05:39:16.968+0000 INFO [o.n.k.i.DiagnosticsManager] jdk.tls.ephemeralDHKeySize = 2048
2017-06-09 05:39:16.968+0000 INFO [o.n.k.i.DiagnosticsManager] file.separator = /
2017-06-09 05:39:16.968+0000 INFO [o.n.k.i.DiagnosticsManager] sun.io.unicode.encoding = UnicodeLittle
2017-06-09 05:39:16.968+0000 INFO [o.n.k.i.DiagnosticsManager] sun.cpu.endian = little
2017-06-09 05:39:16.968+0000 INFO [o.n.k.i.DiagnosticsManager] sun.desktop = gnome
2017-06-09 05:39:16.968+0000 INFO [o.n.k.i.DiagnosticsManager] sun.cpu.isalist = 
2017-06-09 05:39:16.969+0000 INFO [o.n.k.i.DiagnosticsManager] Linux scheduler information:
2017-06-09 05:39:17.033+0000 INFO [o.n.k.i.DiagnosticsManager] noop [deadline] cfq 
2017-06-09 05:39:17.034+0000 INFO [o.n.k.i.DiagnosticsManager] noop [deadline] cfq 
2017-06-09 05:39:17.034+0000 INFO [o.n.k.i.DiagnosticsManager] none
2017-06-09 05:39:17.035+0000 INFO [o.n.k.i.DiagnosticsManager] none
2017-06-09 05:39:17.035+0000 INFO [o.n.k.i.DiagnosticsManager] none
2017-06-09 05:39:17.036+0000 INFO [o.n.k.i.DiagnosticsManager] none
2017-06-09 05:39:17.036+0000 INFO [o.n.k.i.DiagnosticsManager] none
2017-06-09 05:39:17.037+0000 INFO [o.n.k.i.DiagnosticsManager] none
2017-06-09 05:39:17.037+0000 INFO [o.n.k.i.DiagnosticsManager] none
2017-06-09 05:39:17.038+0000 INFO [o.n.k.i.DiagnosticsManager] none
2017-06-09 05:39:17.038+0000 INFO [o.n.k.i.DiagnosticsManager] Network information:
2017-06-09 05:39:17.050+0000 INFO [o.n.k.i.DiagnosticsManager] Interface wlan0:
2017-06-09 05:39:17.051+0000 INFO [o.n.k.i.DiagnosticsManager]     address: fe80:0:0:0:fa32:e4ff:fe8e:c5b4%wlan0
2017-06-09 05:39:17.051+0000 INFO [o.n.k.i.DiagnosticsManager]     address: 2804:14c:1a8:912b:f4c0:71b2:ec5b:b65e%wlan0
2017-06-09 05:39:17.052+0000 INFO [o.n.k.i.DiagnosticsManager]     address: 2804:14c:1a8:912b:fa32:e4ff:fe8e:c5b4%wlan0
2017-06-09 05:39:17.052+0000 INFO [o.n.k.i.DiagnosticsManager]     address: 192.168.0.10
2017-06-09 05:39:17.052+0000 INFO [o.n.k.i.DiagnosticsManager] Interface lo:
2017-06-09 05:39:17.052+0000 INFO [o.n.k.i.DiagnosticsManager]     address: 0:0:0:0:0:0:0:1%lo
2017-06-09 05:39:17.052+0000 INFO [o.n.k.i.DiagnosticsManager]     address: 127.0.0.1
2017-06-09 05:39:17.052+0000 INFO [o.n.k.i.DiagnosticsManager] --- INITIALIZED diagnostics END ---
2017-06-09 05:39:18.192+0000 INFO [o.n.b.v.r.WorkerFactory] Bolt Server extension loaded.
2017-06-09 05:39:18.194+0000 INFO [o.n.b.v.r.WorkerFactory] Bolt enabled on 127.0.0.1:7687.
2017-06-09 05:39:18.797+0000 INFO [o.n.k.i.s.f.RecordFormatSelector] Selected RecordFormat:StandardV3_2[v0.A.8] record format from store /home/mariliamj/Friends-suggestions/neo4j-community-3.2.1/data/databases/graph.db
2017-06-09 05:39:18.940+0000 INFO [o.n.k.i.s.f.RecordFormatSelector] Selected RecordFormat:StandardV3_2[v0.A.8] record format from store /home/mariliamj/Friends-suggestions/neo4j-community-3.2.1/data/databases/graph.db
2017-06-09 05:39:18.940+0000 INFO [o.n.k.i.s.f.RecordFormatSelector] Format not configured. Selected format from the store: RecordFormat:StandardV3_2[v0.A.8]
2017-06-09 05:39:19.990+0000 INFO [o.n.k.i.a.i.IndexingService] IndexingService.init: indexes not specifically mentioned above are null
2017-06-09 05:39:20.193+0000 INFO [o.n.k.i.i.l.NativeLabelScanStore] Scan store recovery completed: Number of cleaned crashed pointers: 0 Number of pages visited: 2 Time spent: 9ms
2017-06-09 05:39:20.213+0000 INFO [o.n.k.NeoStoreDataSource] No commits found after last check point (which is at <no log position given>)
2017-06-09 05:39:20.218+0000 INFO [o.n.k.i.s.DynamicArrayStore] Rebuilding id generator for[/home/mariliamj/Friends-suggestions/neo4j-community-3.2.1/data/databases/graph.db/neostore.nodestore.db.labels] ...
2017-06-09 05:39:20.276+0000 INFO [o.n.k.i.s.DynamicArrayStore] [/home/mariliamj/Friends-suggestions/neo4j-community-3.2.1/data/databases/graph.db/neostore.nodestore.db.labels] high id=1 (defragged=0)
2017-06-09 05:39:20.276+0000 INFO [o.n.k.i.s.DynamicArrayStore] /home/mariliamj/Friends-suggestions/neo4j-community-3.2.1/data/databases/graph.db/neostore.nodestore.db.labels rebuild id generator, highId=1 defragged count=0
2017-06-09 05:39:20.276+0000 INFO [o.n.k.i.s.NodeStore] Rebuilding id generator for[/home/mariliamj/Friends-suggestions/neo4j-community-3.2.1/data/databases/graph.db/neostore.nodestore.db] ...
2017-06-09 05:39:20.319+0000 INFO [o.n.k.i.s.NodeStore] [/home/mariliamj/Friends-suggestions/neo4j-community-3.2.1/data/databases/graph.db/neostore.nodestore.db] high id=0 (defragged=0)
2017-06-09 05:39:20.319+0000 INFO [o.n.k.i.s.NodeStore] /home/mariliamj/Friends-suggestions/neo4j-community-3.2.1/data/databases/graph.db/neostore.nodestore.db rebuild id generator, highId=0 defragged count=0
2017-06-09 05:39:20.320+0000 INFO [o.n.k.i.s.DynamicStringStore] Rebuilding id generator for[/home/mariliamj/Friends-suggestions/neo4j-community-3.2.1/data/databases/graph.db/neostore.propertystore.db.index.keys] ...
2017-06-09 05:39:20.364+0000 INFO [o.n.k.i.s.DynamicStringStore] [/home/mariliamj/Friends-suggestions/neo4j-community-3.2.1/data/databases/graph.db/neostore.propertystore.db.index.keys] high id=1 (defragged=0)
2017-06-09 05:39:20.364+0000 INFO [o.n.k.i.s.DynamicStringStore] /home/mariliamj/Friends-suggestions/neo4j-community-3.2.1/data/databases/graph.db/neostore.propertystore.db.index.keys rebuild id generator, highId=1 defragged count=0
2017-06-09 05:39:20.364+0000 INFO [o.n.k.i.s.PropertyKeyTokenStore] Rebuilding id generator for[/home/mariliamj/Friends-suggestions/neo4j-community-3.2.1/data/databases/graph.db/neostore.propertystore.db.index] ...
2017-06-09 05:39:20.411+0000 INFO [o.n.k.i.s.PropertyKeyTokenStore] [/home/mariliamj/Friends-suggestions/neo4j-community-3.2.1/data/databases/graph.db/neostore.propertystore.db.index] high id=0 (defragged=0)
2017-06-09 05:39:20.411+0000 INFO [o.n.k.i.s.PropertyKeyTokenStore] /home/mariliamj/Friends-suggestions/neo4j-community-3.2.1/data/databases/graph.db/neostore.propertystore.db.index rebuild id generator, highId=0 defragged count=0
2017-06-09 05:39:20.444+0000 INFO [o.n.k.i.s.DynamicStringStore] Rebuilding id generator for[/home/mariliamj/Friends-suggestions/neo4j-community-3.2.1/data/databases/graph.db/neostore.propertystore.db.strings] ...
2017-06-09 05:39:20.498+0000 INFO [o.n.k.i.s.DynamicStringStore] [/home/mariliamj/Friends-suggestions/neo4j-community-3.2.1/data/databases/graph.db/neostore.propertystore.db.strings] high id=1 (defragged=0)
2017-06-09 05:39:20.499+0000 INFO [o.n.k.i.s.DynamicStringStore] /home/mariliamj/Friends-suggestions/neo4j-community-3.2.1/data/databases/graph.db/neostore.propertystore.db.strings rebuild id generator, highId=1 defragged count=0
2017-06-09 05:39:20.499+0000 INFO [o.n.k.i.s.DynamicArrayStore] Rebuilding id generator for[/home/mariliamj/Friends-suggestions/neo4j-community-3.2.1/data/databases/graph.db/neostore.propertystore.db.arrays] ...
2017-06-09 05:39:20.544+0000 INFO [o.n.k.i.s.DynamicArrayStore] [/home/mariliamj/Friends-suggestions/neo4j-community-3.2.1/data/databases/graph.db/neostore.propertystore.db.arrays] high id=1 (defragged=0)
2017-06-09 05:39:20.545+0000 INFO [o.n.k.i.s.DynamicArrayStore] /home/mariliamj/Friends-suggestions/neo4j-community-3.2.1/data/databases/graph.db/neostore.propertystore.db.arrays rebuild id generator, highId=1 defragged count=0
2017-06-09 05:39:20.545+0000 INFO [o.n.k.i.s.PropertyStore] Rebuilding id generator for[/home/mariliamj/Friends-suggestions/neo4j-community-3.2.1/data/databases/graph.db/neostore.propertystore.db] ...
2017-06-09 05:39:20.597+0000 INFO [o.n.k.i.s.PropertyStore] [/home/mariliamj/Friends-suggestions/neo4j-community-3.2.1/data/databases/graph.db/neostore.propertystore.db] high id=0 (defragged=0)
2017-06-09 05:39:20.598+0000 INFO [o.n.k.i.s.PropertyStore] /home/mariliamj/Friends-suggestions/neo4j-community-3.2.1/data/databases/graph.db/neostore.propertystore.db rebuild id generator, highId=0 defragged count=0
2017-06-09 05:39:20.598+0000 INFO [o.n.k.i.s.RelationshipStore] Rebuilding id generator for[/home/mariliamj/Friends-suggestions/neo4j-community-3.2.1/data/databases/graph.db/neostore.relationshipstore.db] ...
2017-06-09 05:39:20.641+0000 INFO [o.n.k.i.s.RelationshipStore] [/home/mariliamj/Friends-suggestions/neo4j-community-3.2.1/data/databases/graph.db/neostore.relationshipstore.db] high id=0 (defragged=0)
2017-06-09 05:39:20.642+0000 INFO [o.n.k.i.s.RelationshipStore] /home/mariliamj/Friends-suggestions/neo4j-community-3.2.1/data/databases/graph.db/neostore.relationshipstore.db rebuild id generator, highId=0 defragged count=0
2017-06-09 05:39:20.642+0000 INFO [o.n.k.i.s.DynamicStringStore] Rebuilding id generator for[/home/mariliamj/Friends-suggestions/neo4j-community-3.2.1/data/databases/graph.db/neostore.relationshiptypestore.db.names] ...
2017-06-09 05:39:20.689+0000 INFO [o.n.k.i.s.DynamicStringStore] [/home/mariliamj/Friends-suggestions/neo4j-community-3.2.1/data/databases/graph.db/neostore.relationshiptypestore.db.names] high id=1 (defragged=0)
2017-06-09 05:39:20.690+0000 INFO [o.n.k.i.s.DynamicStringStore] /home/mariliamj/Friends-suggestions/neo4j-community-3.2.1/data/databases/graph.db/neostore.relationshiptypestore.db.names rebuild id generator, highId=1 defragged count=0
2017-06-09 05:39:20.691+0000 INFO [o.n.k.i.s.RelationshipTypeTokenStore] Rebuilding id generator for[/home/mariliamj/Friends-suggestions/neo4j-community-3.2.1/data/databases/graph.db/neostore.relationshiptypestore.db] ...
2017-06-09 05:39:20.733+0000 INFO [o.n.k.i.s.RelationshipTypeTokenStore] [/home/mariliamj/Friends-suggestions/neo4j-community-3.2.1/data/databases/graph.db/neostore.relationshiptypestore.db] high id=0 (defragged=0)
2017-06-09 05:39:20.733+0000 INFO [o.n.k.i.s.RelationshipTypeTokenStore] /home/mariliamj/Friends-suggestions/neo4j-community-3.2.1/data/databases/graph.db/neostore.relationshiptypestore.db rebuild id generator, highId=0 defragged count=0
2017-06-09 05:39:20.766+0000 INFO [o.n.k.i.s.DynamicStringStore] Rebuilding id generator for[/home/mariliamj/Friends-suggestions/neo4j-community-3.2.1/data/databases/graph.db/neostore.labeltokenstore.db.names] ...
2017-06-09 05:39:20.810+0000 INFO [o.n.k.i.s.DynamicStringStore] [/home/mariliamj/Friends-suggestions/neo4j-community-3.2.1/data/databases/graph.db/neostore.labeltokenstore.db.names] high id=1 (defragged=0)
2017-06-09 05:39:20.811+0000 INFO [o.n.k.i.s.DynamicStringStore] /home/mariliamj/Friends-suggestions/neo4j-community-3.2.1/data/databases/graph.db/neostore.labeltokenstore.db.names rebuild id generator, highId=1 defragged count=0
2017-06-09 05:39:20.811+0000 INFO [o.n.k.i.s.LabelTokenStore] Rebuilding id generator for[/home/mariliamj/Friends-suggestions/neo4j-community-3.2.1/data/databases/graph.db/neostore.labeltokenstore.db] ...
2017-06-09 05:39:20.855+0000 INFO [o.n.k.i.s.LabelTokenStore] [/home/mariliamj/Friends-suggestions/neo4j-community-3.2.1/data/databases/graph.db/neostore.labeltokenstore.db] high id=0 (defragged=0)
2017-06-09 05:39:20.855+0000 INFO [o.n.k.i.s.LabelTokenStore] /home/mariliamj/Friends-suggestions/neo4j-community-3.2.1/data/databases/graph.db/neostore.labeltokenstore.db rebuild id generator, highId=0 defragged count=0
2017-06-09 05:39:20.888+0000 INFO [o.n.k.i.s.SchemaStore] Rebuilding id generator for[/home/mariliamj/Friends-suggestions/neo4j-community-3.2.1/data/databases/graph.db/neostore.schemastore.db] ...
2017-06-09 05:39:20.932+0000 INFO [o.n.k.i.s.SchemaStore] [/home/mariliamj/Friends-suggestions/neo4j-community-3.2.1/data/databases/graph.db/neostore.schemastore.db] high id=1 (defragged=0)
2017-06-09 05:39:20.933+0000 INFO [o.n.k.i.s.SchemaStore] /home/mariliamj/Friends-suggestions/neo4j-community-3.2.1/data/databases/graph.db/neostore.schemastore.db rebuild id generator, highId=1 defragged count=0
2017-06-09 05:39:20.933+0000 INFO [o.n.k.i.s.RelationshipGroupStore] Rebuilding id generator for[/home/mariliamj/Friends-suggestions/neo4j-community-3.2.1/data/databases/graph.db/neostore.relationshipgroupstore.db] ...
2017-06-09 05:39:20.977+0000 INFO [o.n.k.i.s.RelationshipGroupStore] [/home/mariliamj/Friends-suggestions/neo4j-community-3.2.1/data/databases/graph.db/neostore.relationshipgroupstore.db] high id=1 (defragged=0)
2017-06-09 05:39:20.978+0000 INFO [o.n.k.i.s.RelationshipGroupStore] /home/mariliamj/Friends-suggestions/neo4j-community-3.2.1/data/databases/graph.db/neostore.relationshipgroupstore.db rebuild id generator, highId=1 defragged count=0
2017-06-09 05:39:20.978+0000 INFO [o.n.k.i.s.MetaDataStore] Rebuilding id generator for[/home/mariliamj/Friends-suggestions/neo4j-community-3.2.1/data/databases/graph.db/neostore] ...
2017-06-09 05:39:21.033+0000 INFO [o.n.k.i.s.MetaDataStore] [/home/mariliamj/Friends-suggestions/neo4j-community-3.2.1/data/databases/graph.db/neostore] high id=15 (defragged=0)
2017-06-09 05:39:21.033+0000 INFO [o.n.k.i.s.MetaDataStore] /home/mariliamj/Friends-suggestions/neo4j-community-3.2.1/data/databases/graph.db/neostore rebuild id generator, highId=15 defragged count=0
2017-06-09 05:39:21.036+0000 INFO [o.n.k.i.a.i.IndexingService] IndexingService.start: indexes not specifically mentioned above are null
2017-06-09 05:39:21.045+0000 INFO [o.n.k.i.DatabaseHealth] Database health set to OK
2017-06-09 05:39:22.917+0000 INFO [o.n.k.AvailabilityGuard] Fulfilling of requirement makes database available: Database available
2017-06-09 05:39:22.919+0000 INFO [o.n.k.i.f.GraphDatabaseFacadeFactory] Database is now ready
2017-06-09 05:39:22.922+0000 INFO [o.n.k.i.DiagnosticsManager] --- STARTED diagnostics for KernelDiagnostics:Versions START ---
2017-06-09 05:39:22.924+0000 INFO [o.n.k.i.DiagnosticsManager] Graph Database: community single StoreId{creationTime=1496984538725, randomId=-1544391339010838112, storeVersion=15813456178476550, upgradeTime=1496984538725, upgradeId=1}
2017-06-09 05:39:22.924+0000 INFO [o.n.k.i.DiagnosticsManager] Kernel version: 3.2.1,6bfaef081803fd1f82534da6a49efdec251eabe5
2017-06-09 05:39:22.925+0000 INFO [o.n.k.i.DiagnosticsManager] --- STARTED diagnostics for KernelDiagnostics:Versions END ---
2017-06-09 05:39:22.930+0000 INFO [o.n.k.i.DiagnosticsManager] --- STARTED diagnostics for NEO_STORE_VERSIONS START ---
2017-06-09 05:39:22.930+0000 INFO [o.n.k.i.DiagnosticsManager] Store versions:
2017-06-09 05:39:22.931+0000 INFO [o.n.k.i.DiagnosticsManager] Store versions:
2017-06-09 05:39:22.931+0000 INFO [o.n.k.i.DiagnosticsManager]   ArrayPropertyStore v0.A.8
2017-06-09 05:39:22.931+0000 INFO [o.n.k.i.DiagnosticsManager]   NodeStore v0.A.8
2017-06-09 05:39:22.932+0000 INFO [o.n.k.i.DiagnosticsManager]   StringPropertyStore v0.A.8
2017-06-09 05:39:22.932+0000 INFO [o.n.k.i.DiagnosticsManager]   PropertyIndexStore v0.A.8
2017-06-09 05:39:22.932+0000 INFO [o.n.k.i.DiagnosticsManager]   StringPropertyStore v0.A.8
2017-06-09 05:39:22.932+0000 INFO [o.n.k.i.DiagnosticsManager]   ArrayPropertyStore v0.A.8
2017-06-09 05:39:22.932+0000 INFO [o.n.k.i.DiagnosticsManager]   PropertyStore v0.A.8
2017-06-09 05:39:22.932+0000 INFO [o.n.k.i.DiagnosticsManager]   RelationshipStore v0.A.8
2017-06-09 05:39:22.933+0000 INFO [o.n.k.i.DiagnosticsManager]   StringPropertyStore v0.A.8
2017-06-09 05:39:22.933+0000 INFO [o.n.k.i.DiagnosticsManager]   RelationshipTypeStore v0.A.8
2017-06-09 05:39:22.933+0000 INFO [o.n.k.i.DiagnosticsManager]   StringPropertyStore v0.A.8
2017-06-09 05:39:22.933+0000 INFO [o.n.k.i.DiagnosticsManager]   LabelTokenStore v0.A.8
2017-06-09 05:39:22.933+0000 INFO [o.n.k.i.DiagnosticsManager]   SchemaStore v0.A.8
2017-06-09 05:39:22.934+0000 INFO [o.n.k.i.DiagnosticsManager]   RelationshipGroupStore v0.A.8
2017-06-09 05:39:22.934+0000 INFO [o.n.k.i.DiagnosticsManager]   NeoStore v0.A.8
2017-06-09 05:39:22.934+0000 INFO [o.n.k.i.DiagnosticsManager] --- STARTED diagnostics for NEO_STORE_VERSIONS END ---
2017-06-09 05:39:22.934+0000 INFO [o.n.k.i.DiagnosticsManager] --- STARTED diagnostics for NEO_STORE_ID_USAGE START ---
2017-06-09 05:39:22.934+0000 INFO [o.n.k.i.DiagnosticsManager] Id usage:
2017-06-09 05:39:22.935+0000 INFO [o.n.k.i.DiagnosticsManager] Id usage:
2017-06-09 05:39:22.935+0000 INFO [o.n.k.i.DiagnosticsManager]   ArrayPropertyStore: used=1 high=0
2017-06-09 05:39:22.936+0000 INFO [o.n.k.i.DiagnosticsManager]   NodeStore: used=0 high=-1
2017-06-09 05:39:22.936+0000 INFO [o.n.k.i.DiagnosticsManager]   StringPropertyStore: used=1 high=0
2017-06-09 05:39:22.937+0000 INFO [o.n.k.i.DiagnosticsManager]   PropertyIndexStore: used=0 high=-1
2017-06-09 05:39:22.937+0000 INFO [o.n.k.i.DiagnosticsManager]   StringPropertyStore: used=1 high=0
2017-06-09 05:39:22.937+0000 INFO [o.n.k.i.DiagnosticsManager]   ArrayPropertyStore: used=1 high=0
2017-06-09 05:39:22.938+0000 INFO [o.n.k.i.DiagnosticsManager]   PropertyStore: used=0 high=-1
2017-06-09 05:39:22.939+0000 INFO [o.n.k.i.DiagnosticsManager]   RelationshipStore: used=0 high=-1
2017-06-09 05:39:22.939+0000 INFO [o.n.k.i.DiagnosticsManager]   StringPropertyStore: used=1 high=0
2017-06-09 05:39:22.940+0000 INFO [o.n.k.i.DiagnosticsManager]   RelationshipTypeStore: used=0 high=-1
2017-06-09 05:39:22.940+0000 INFO [o.n.k.i.DiagnosticsManager]   StringPropertyStore: used=1 high=0
2017-06-09 05:39:22.940+0000 INFO [o.n.k.i.DiagnosticsManager]   LabelTokenStore: used=0 high=-1
2017-06-09 05:39:22.941+0000 INFO [o.n.k.i.DiagnosticsManager]   SchemaStore: used=1 high=0
2017-06-09 05:39:22.941+0000 INFO [o.n.k.i.DiagnosticsManager]   RelationshipGroupStore: used=1 high=0
2017-06-09 05:39:22.942+0000 INFO [o.n.k.i.DiagnosticsManager]   NeoStore: used=15 high=14
2017-06-09 05:39:22.942+0000 INFO [o.n.k.i.DiagnosticsManager] --- STARTED diagnostics for NEO_STORE_ID_USAGE END ---
2017-06-09 05:39:22.942+0000 INFO [o.n.k.i.DiagnosticsManager] --- STARTED diagnostics for NEO_STORE_RECORDS START ---
2017-06-09 05:39:22.943+0000 INFO [o.n.k.i.DiagnosticsManager] Neostore records:
2017-06-09 05:39:22.945+0000 INFO [o.n.k.i.DiagnosticsManager] TIME (Creation time): 1496984538725
2017-06-09 05:39:22.945+0000 INFO [o.n.k.i.DiagnosticsManager] RANDOM_NUMBER (Random number for store id): -1544391339010838112
2017-06-09 05:39:22.945+0000 INFO [o.n.k.i.DiagnosticsManager] LOG_VERSION (Current log version): 0
2017-06-09 05:39:22.945+0000 INFO [o.n.k.i.DiagnosticsManager] LAST_TRANSACTION_ID (Last committed transaction): 1
2017-06-09 05:39:22.946+0000 INFO [o.n.k.i.DiagnosticsManager] STORE_VERSION (Store format version): 15813456178476550
2017-06-09 05:39:22.946+0000 INFO [o.n.k.i.DiagnosticsManager] FIRST_GRAPH_PROPERTY (First property record containing graph properties): -1
2017-06-09 05:39:22.946+0000 INFO [o.n.k.i.DiagnosticsManager] LAST_CONSTRAINT_TRANSACTION (Last committed transaction containing constraint changes): 0
2017-06-09 05:39:22.946+0000 INFO [o.n.k.i.DiagnosticsManager] UPGRADE_TRANSACTION_ID (Transaction id most recent upgrade was performed at): 1
2017-06-09 05:39:22.947+0000 INFO [o.n.k.i.DiagnosticsManager] UPGRADE_TIME (Time of last upgrade): 1496984538725
2017-06-09 05:39:22.947+0000 INFO [o.n.k.i.DiagnosticsManager] LAST_TRANSACTION_CHECKSUM (Checksum of last committed transaction): 0
2017-06-09 05:39:22.947+0000 INFO [o.n.k.i.DiagnosticsManager] UPGRADE_TRANSACTION_CHECKSUM (Checksum of transaction id the most recent upgrade was performed at): 0
2017-06-09 05:39:22.947+0000 INFO [o.n.k.i.DiagnosticsManager] LAST_CLOSED_TRANSACTION_LOG_VERSION (Log version where the last transaction commit entry has been written into): 0
2017-06-09 05:39:22.948+0000 INFO [o.n.k.i.DiagnosticsManager] LAST_CLOSED_TRANSACTION_LOG_BYTE_OFFSET (Byte offset in the log file where the last transaction commit entry has been written into): 16
2017-06-09 05:39:22.948+0000 INFO [o.n.k.i.DiagnosticsManager] LAST_TRANSACTION_COMMIT_TIMESTAMP (Commit time timestamp for last committed transaction): 0
2017-06-09 05:39:22.948+0000 INFO [o.n.k.i.DiagnosticsManager] UPGRADE_TRANSACTION_COMMIT_TIMESTAMP (Commit timestamp of transaction the most recent upgrade was performed at): 0
2017-06-09 05:39:22.948+0000 INFO [o.n.k.i.DiagnosticsManager] --- STARTED diagnostics for NEO_STORE_RECORDS END ---
2017-06-09 05:39:22.951+0000 INFO [o.n.k.i.DiagnosticsManager] --- STARTED diagnostics for TRANSACTION_RANGE START ---
2017-06-09 05:39:22.951+0000 INFO [o.n.k.i.DiagnosticsManager] Transaction log:
2017-06-09 05:39:22.953+0000 INFO [o.n.k.i.DiagnosticsManager] No transactions found in any log
2017-06-09 05:39:22.954+0000 INFO [o.n.k.i.DiagnosticsManager] --- STARTED diagnostics for TRANSACTION_RANGE END ---
2017-06-09 05:39:22.955+0000 INFO [o.n.k.i.DiagnosticsManager] --- STARTED diagnostics for KernelDiagnostics:StoreFiles START ---
2017-06-09 05:39:22.956+0000 INFO [o.n.k.i.DiagnosticsManager] Disk space on partition (Total / Free / Free %): 21563830272 / 9406279680 / 43
Storage files: (filename : modification date - size)
2017-06-09 05:39:22.959+0000 INFO [o.n.k.i.DiagnosticsManager]   index:
2017-06-09 05:39:22.961+0000 INFO [o.n.k.i.DiagnosticsManager]   - Total: 2017-06-09T02:02:19-0300 - 0,00 B
2017-06-09 05:39:22.961+0000 INFO [o.n.k.i.DiagnosticsManager]   neostore: 2017-06-09T02:02:18-0300 - 8,00 kB
2017-06-09 05:39:22.962+0000 INFO [o.n.k.i.DiagnosticsManager]   neostore.counts.db.a: 2017-06-09T02:02:19-0300 - 96,00 B
2017-06-09 05:39:22.963+0000 INFO [o.n.k.i.DiagnosticsManager]   neostore.id: 2017-06-09T02:39:21-0300 - 9,00 B
2017-06-09 05:39:22.964+0000 INFO [o.n.k.i.DiagnosticsManager]   neostore.labelscanstore.db: 2017-06-09T02:39:20-0300 - 40,00 kB
2017-06-09 05:39:22.964+0000 INFO [o.n.k.i.DiagnosticsManager]   neostore.labeltokenstore.db: 2017-06-09T02:02:18-0300 - 0,00 B
2017-06-09 05:39:22.965+0000 INFO [o.n.k.i.DiagnosticsManager]   neostore.labeltokenstore.db.id: 2017-06-09T02:39:20-0300 - 9,00 B
2017-06-09 05:39:22.966+0000 INFO [o.n.k.i.DiagnosticsManager]   neostore.labeltokenstore.db.names: 2017-06-09T02:02:18-0300 - 8,00 kB
2017-06-09 05:39:22.966+0000 INFO [o.n.k.i.DiagnosticsManager]   neostore.labeltokenstore.db.names.id: 2017-06-09T02:39:20-0300 - 9,00 B
2017-06-09 05:39:22.967+0000 INFO [o.n.k.i.DiagnosticsManager]   neostore.nodestore.db: 2017-06-09T02:02:17-0300 - 0,00 B
2017-06-09 05:39:22.968+0000 INFO [o.n.k.i.DiagnosticsManager]   neostore.nodestore.db.id: 2017-06-09T02:39:20-0300 - 9,00 B
2017-06-09 05:39:22.968+0000 INFO [o.n.k.i.DiagnosticsManager]   neostore.nodestore.db.labels: 2017-06-09T02:02:17-0300 - 8,00 kB
2017-06-09 05:39:22.969+0000 INFO [o.n.k.i.DiagnosticsManager]   neostore.nodestore.db.labels.id: 2017-06-09T02:39:20-0300 - 9,00 B
2017-06-09 05:39:22.970+0000 INFO [o.n.k.i.DiagnosticsManager]   neostore.propertystore.db: 2017-06-09T02:02:17-0300 - 0,00 B
2017-06-09 05:39:22.970+0000 INFO [o.n.k.i.DiagnosticsManager]   neostore.propertystore.db.arrays: 2017-06-09T02:02:17-0300 - 8,00 kB
2017-06-09 05:39:22.971+0000 INFO [o.n.k.i.DiagnosticsManager]   neostore.propertystore.db.arrays.id: 2017-06-09T02:39:20-0300 - 9,00 B
2017-06-09 05:39:22.972+0000 INFO [o.n.k.i.DiagnosticsManager]   neostore.propertystore.db.id: 2017-06-09T02:39:20-0300 - 9,00 B
2017-06-09 05:39:22.972+0000 INFO [o.n.k.i.DiagnosticsManager]   neostore.propertystore.db.index: 2017-06-09T02:02:17-0300 - 0,00 B
2017-06-09 05:39:22.973+0000 INFO [o.n.k.i.DiagnosticsManager]   neostore.propertystore.db.index.id: 2017-06-09T02:39:20-0300 - 9,00 B
2017-06-09 05:39:22.974+0000 INFO [o.n.k.i.DiagnosticsManager]   neostore.propertystore.db.index.keys: 2017-06-09T02:02:17-0300 - 8,00 kB
2017-06-09 05:39:22.975+0000 INFO [o.n.k.i.DiagnosticsManager]   neostore.propertystore.db.index.keys.id: 2017-06-09T02:39:20-0300 - 9,00 B
2017-06-09 05:39:22.976+0000 INFO [o.n.k.i.DiagnosticsManager]   neostore.propertystore.db.strings: 2017-06-09T02:02:17-0300 - 8,00 kB
2017-06-09 05:39:22.977+0000 INFO [o.n.k.i.DiagnosticsManager]   neostore.propertystore.db.strings.id: 2017-06-09T02:39:20-0300 - 9,00 B
2017-06-09 05:39:22.977+0000 INFO [o.n.k.i.DiagnosticsManager]   neostore.relationshipgroupstore.db: 2017-06-09T02:02:18-0300 - 8,00 kB
2017-06-09 05:39:22.978+0000 INFO [o.n.k.i.DiagnosticsManager]   neostore.relationshipgroupstore.db.id: 2017-06-09T02:39:20-0300 - 9,00 B
2017-06-09 05:39:22.979+0000 INFO [o.n.k.i.DiagnosticsManager]   neostore.relationshipstore.db: 2017-06-09T02:02:18-0300 - 0,00 B
2017-06-09 05:39:22.979+0000 INFO [o.n.k.i.DiagnosticsManager]   neostore.relationshipstore.db.id: 2017-06-09T02:39:20-0300 - 9,00 B
2017-06-09 05:39:22.980+0000 INFO [o.n.k.i.DiagnosticsManager]   neostore.relationshiptypestore.db: 2017-06-09T02:02:18-0300 - 0,00 B
2017-06-09 05:39:22.981+0000 INFO [o.n.k.i.DiagnosticsManager]   neostore.relationshiptypestore.db.id: 2017-06-09T02:39:20-0300 - 9,00 B
2017-06-09 05:39:22.981+0000 INFO [o.n.k.i.DiagnosticsManager]   neostore.relationshiptypestore.db.names: 2017-06-09T02:02:18-0300 - 8,00 kB
2017-06-09 05:39:22.982+0000 INFO [o.n.k.i.DiagnosticsManager]   neostore.relationshiptypestore.db.names.id: 2017-06-09T02:39:20-0300 - 9,00 B
2017-06-09 05:39:22.983+0000 INFO [o.n.k.i.DiagnosticsManager]   neostore.schemastore.db: 2017-06-09T02:02:18-0300 - 8,00 kB
2017-06-09 05:39:22.984+0000 INFO [o.n.k.i.DiagnosticsManager]   neostore.schemastore.db.id: 2017-06-09T02:39:20-0300 - 9,00 B
2017-06-09 05:39:22.985+0000 INFO [o.n.k.i.DiagnosticsManager]   neostore.transaction.db.0: 2017-06-09T02:02:19-0300 - 16,00 B
2017-06-09 05:39:22.985+0000 INFO [o.n.k.i.DiagnosticsManager]   store_lock: 2017-06-09T02:02:17-0300 - 0,00 B
2017-06-09 05:39:22.985+0000 INFO [o.n.k.i.DiagnosticsManager] --- STARTED diagnostics for KernelDiagnostics:StoreFiles END ---
2017-06-09 05:39:28.694+0000 INFO [o.n.k.i.DiagnosticsManager] --- SERVER STARTED START ---
2017-06-09 05:39:32.094+0000 INFO [o.n.k.i.DiagnosticsManager] --- SERVER STARTED END ---
